
(base) D:\Downloads\Forge of Empires\chat_ocr>python foe5ocr.py

city=0, path=['1\\Screenshot (2372).png']
0.003 (602, 391) anchor
0 0.009 (0, 3) heading[0]
digit_distance
0: [48, 409, 409]
1: [41, 41, 41, 169, 169, 169]
2: [288, 289]
3: []
4: [34, 274]
5: [402]
6: [48, 402, 529]
7: [162, 281, 522]
8: [48, 409, 529]
9: [409]
digit_coordinates
0: [(48, 6), (49, 86), (49, 87)]
1: [(41, 5), (41, 6), (41, 7), (49, 32), (49, 33), (49, 34)]
2: [(48, 60), (49, 60)]
3: []
4: [(34, 6), (34, 60)]
5: [(42, 87)]
6: [(48, 6), (42, 87), (49, 114)]
7: [(42, 33), (41, 60), (42, 114)]
8: [(48, 6), (49, 87), (49, 114)]
9: [(49, 87)]
digit_thresholds
0: [0.08024277, 0.09964056, 0.009305158]
1: [0.08803171, 0.0019367302, 0.09169223, 0.07278277, 0.0011856763, 0.076302126]
2: [0.062325347, 0.062010046]
3: []
4: [0.043565314, 0.037356794]
5: [0.0009657948]
6: [0.08029457, 0.09895766, 0.001199609]
7: [0.039881505, 0.0014244599, 0.03279719]
8: [0.009640867, 0.07289959, 0.070360094]
9: [0.09776449]
digit_combined_sorted
0: (34, 4, (34, 6), 0.043565314)
1: (41, 1, (41, 5), 0.08803171)
2: (41, 1, (41, 6), 0.0019367302)
3: (41, 1, (41, 7), 0.09169223)
4: (48, 0, (48, 6), 0.08024277)
5: (48, 6, (48, 6), 0.08029457)
6: (48, 8, (48, 6), 0.009640867)
7: (162, 7, (42, 33), 0.039881505)
8: (169, 1, (49, 32), 0.07278277)
9: (169, 1, (49, 33), 0.0011856763)
10: (169, 1, (49, 34), 0.076302126)
11: (274, 4, (34, 60), 0.037356794)
12: (281, 7, (41, 60), 0.0014244599)
13: (288, 2, (48, 60), 0.062325347)
14: (289, 2, (49, 60), 0.062010046)
15: (402, 5, (42, 87), 0.0009657948)
16: (402, 6, (42, 87), 0.09895766)
17: (409, 0, (49, 86), 0.09964056)
18: (409, 0, (49, 87), 0.009305158)
19: (409, 8, (49, 87), 0.07289959)
20: (409, 9, (49, 87), 0.09776449)
21: (522, 7, (42, 114), 0.03279719)
22: (529, 6, (49, 114), 0.001199609)
23: (529, 8, (49, 114), 0.070360094)

 34 a= 4, dx= 7, dy= 0, pt=(34, 6), t=0.044  [i==0: dx=49, dy=114
 41 a= 1, dx= 7, dy= 1, pt=(41, 5), t=0.088
 41 a= 1, dx= 0, dy= 1, pt=(41, 6), t=0.002
       1, 0.002 < 1, 0.088 replace
 41 a= 1, dx= 0, dy= 1, pt=(41, 7), t=0.092
       1, 0.092 < 1, 0.002
 48 a= 0, dx= 7, dy= 1, pt=(48, 6), t=0.080
 48 a= 6, dx= 0, dy= 0, pt=(48, 6), t=0.080
       6, 0.080 < 0, 0.080
 48 a= 8, dx= 0, dy= 0, pt=(48, 6), t=0.010
       8, 0.010 < 0, 0.080 replace
current_group= [4, 1, 8]

162 b= 7, dx= 6, dy=27, pt=(42, 33), t=0.040
169 a= 1, dx= 7, dy= 1, pt=(49, 32), t=0.073
169 a= 1, dx= 0, dy= 1, pt=(49, 33), t=0.001
       1, 0.001 < 1, 0.073 replace
169 a= 1, dx= 0, dy= 1, pt=(49, 34), t=0.076
       1, 0.076 < 1, 0.001
current_group= [7, 1]

274 b= 4, dx=15, dy=26, pt=(34, 60), t=0.037
281 a= 7, dx= 7, dy= 0, pt=(41, 60), t=0.001
288 a= 2, dx= 7, dy= 0, pt=(48, 60), t=0.062
289 a= 2, dx= 1, dy= 0, pt=(49, 60), t=0.062
       2, 0.062 < 2, 0.062 replace
current_group= [4, 7, 2]

402 b= 5, dx= 7, dy=27, pt=(42, 87), t=0.001
402 a= 6, dx= 0, dy= 0, pt=(42, 87), t=0.099
       6, 0.099 < 5, 0.001
409 a= 0, dx= 7, dy= 1, pt=(49, 86), t=0.100
409 a= 0, dx= 0, dy= 1, pt=(49, 87), t=0.009
       0, 0.009 < 0, 0.100 replace
409 a= 8, dx= 0, dy= 0, pt=(49, 87), t=0.073
       8, 0.073 < 0, 0.009
409 a= 9, dx= 0, dy= 0, pt=(49, 87), t=0.098
       9, 0.098 < 0, 0.009
current_group= [5, 0]

522 b= 7, dx= 7, dy=27, pt=(42, 114), t=0.033
529 a= 6, dx= 7, dy= 0, pt=(49, 114), t=0.001
529 a= 8, dx= 0, dy= 0, pt=(49, 114), t=0.070
       8, 0.070 < 6, 0.001
current_group~ [7, 6]
highest_threshold:  0.062010046

[[4, 1, 8], [7, 1], [4, 7, 2], [5, 0], [7, 6]]
[418, 71, 472, 50, 76]
digit_distance
0: [48, 161]
1: [394, 393, 394]
2: [41, 154, 401, 402, 408, 409]
3: [168]
4: [34, 282]
5: [161, 289, 522]
6: [161, 289]
7: [529]
8: [48, 161]
9: []
digit_coordinates
0: [(48, 6), (41, 33)]
1: [(34, 86), (33, 87), (34, 87)]
2: [(41, 6), (34, 33), (41, 87), (42, 87), (48, 87), (49, 87)]
3: [(48, 33)]
4: [(34, 6), (42, 60)]
5: [(41, 33), (49, 60), (42, 114)]
6: [(41, 33), (49, 60)]
7: [(49, 114)]
8: [(48, 6), (41, 33)]
9: []
digit_thresholds
0: [0.0013467113, 0.0911653]
1: [0.0840872, 0.095946535, 0.033893064]
2: [0.03267884, 0.008662877, 0.03619158, 0.094442084, 0.06328531, 0.059987113]
3: [0.0012831502]
4: [0.039590172, 0.03869386]
5: [0.096354015, 0.025007421, 0.0017186585]
6: [0.005733948, 0.08783678]
7: [0.000951301]
8: [0.07644804, 0.059932787]
9: []
digit_combined_sorted
0: (34, 4, (34, 6), 0.039590172)
1: (41, 2, (41, 6), 0.03267884)
2: (48, 0, (48, 6), 0.0013467113)
3: (48, 8, (48, 6), 0.07644804)
4: (154, 2, (34, 33), 0.008662877)
5: (161, 0, (41, 33), 0.0911653)
6: (161, 5, (41, 33), 0.096354015)
7: (161, 6, (41, 33), 0.005733948)
8: (161, 8, (41, 33), 0.059932787)
9: (168, 3, (48, 33), 0.0012831502)
10: (282, 4, (42, 60), 0.03869386)
11: (289, 5, (49, 60), 0.025007421)
12: (289, 6, (49, 60), 0.08783678)
13: (393, 1, (33, 87), 0.095946535)
14: (394, 1, (34, 86), 0.0840872)
15: (394, 1, (34, 87), 0.033893064)
16: (401, 2, (41, 87), 0.03619158)
17: (402, 2, (42, 87), 0.094442084)
18: (408, 2, (48, 87), 0.06328531)
19: (409, 2, (49, 87), 0.059987113)
20: (522, 5, (42, 114), 0.0017186585)
21: (529, 7, (49, 114), 0.000951301)

 34 a= 4, dx= 7, dy= 0, pt=(34, 6), t=0.040  [i==0: dx=49, dy=114
 41 a= 2, dx= 7, dy= 0, pt=(41, 6), t=0.033
 48 a= 0, dx= 7, dy= 0, pt=(48, 6), t=0.001
 48 a= 8, dx= 0, dy= 0, pt=(48, 6), t=0.076
       8, 0.076 < 0, 0.001
current_group= [4, 2, 0]

154 b= 2, dx=14, dy=27, pt=(34, 33), t=0.009
161 a= 0, dx= 7, dy= 0, pt=(41, 33), t=0.091
161 a= 5, dx= 0, dy= 0, pt=(41, 33), t=0.096
       5, 0.096 < 0, 0.091
161 a= 6, dx= 0, dy= 0, pt=(41, 33), t=0.006
       6, 0.006 < 0, 0.091 replace
161 a= 8, dx= 0, dy= 0, pt=(41, 33), t=0.060
       8, 0.060 < 6, 0.006
168 a= 3, dx= 7, dy= 0, pt=(48, 33), t=0.001
current_group= [2, 6, 3]

282 b= 4, dx= 6, dy=27, pt=(42, 60), t=0.039
289 a= 5, dx= 7, dy= 0, pt=(49, 60), t=0.025
289 a= 6, dx= 0, dy= 0, pt=(49, 60), t=0.088
       6, 0.088 < 5, 0.025
current_group= [4, 5]

393 b= 1, dx=16, dy=27, pt=(33, 87), t=0.096
394 a= 1, dx= 1, dy= 1, pt=(34, 86), t=0.084
       1, 0.084 < 1, 0.096 replace
394 a= 1, dx= 0, dy= 1, pt=(34, 87), t=0.034
       1, 0.034 < 1, 0.084 replace
401 a= 2, dx= 7, dy= 0, pt=(41, 87), t=0.036
402 a= 2, dx= 1, dy= 0, pt=(42, 87), t=0.094
       2, 0.094 < 2, 0.036
408 a= 2, dx= 6, dy= 0, pt=(48, 87), t=0.063
409 a= 2, dx= 1, dy= 0, pt=(49, 87), t=0.060
       2, 0.060 < 2, 0.063 replace
current_group= [1, 2, 2]

522 b= 5, dx= 7, dy=27, pt=(42, 114), t=0.002
529 a= 7, dx= 7, dy= 0, pt=(49, 114), t=0.001
current_group~ [5, 7]
highest_threshold:  0.059987113

[[4, 2, 0], [2, 6, 3], [4, 5], [1, 2, 2], [5, 7]]
[420, 263, 45, 122, 57]
1 0.006 (0, 170) heading[1]
digit_distance
0: [48, 528]
1: [23, 22, 23, 143, 153, 154, 263, 288, 263, 288, 288, 408, 383, 393, 394, 408, 408, 503, 503]
2: [168]
3: [513]
4: [33, 34, 273, 274]
5: [41, 161, 521, 528]
6: [41, 521, 528]
7: []
8: [401, 521, 528]
9: [48, 280, 281]
digit_coordinates
0: [(48, 6), (48, 114)]
1: [(23, 5), (22, 6), (23, 6), (23, 33), (33, 33), (34, 33), (23, 59), (48, 59), (23, 60), (48, 60), (48, 61), (48, 86), (23, 87), (33, 87), (34, 87), (48, 87), (48, 88), (23, 113), (23, 114)]
2: [(48, 33)]
3: [(33, 114)]
4: [(33, 6), (34, 6), (33, 60), (34, 60)]
5: [(41, 6), (41, 33), (41, 114), (48, 114)]
6: [(41, 6), (41, 114), (48, 114)]
7: []
8: [(41, 87), (41, 114), (48, 114)]
9: [(48, 6), (40, 60), (41, 60)]
digit_thresholds
0: [0.089993134, 0.08875208]
1: [0.08520042, 0.09991986, 0.033059504, 0.040142752, 0.07987578, 0.07876575, 0.084844865, 0.07102681, 0.031725332, 0.0020579237, 0.07561445, 0.09065545, 0.040085807, 0.07754503, 0.07924364, 0.003805669, 0.09475813, 0.08357525, 0.03060695]
2: [0.03211521]
3: [0.024776008]
4: [0.05749439, 0.058105286, 0.058685727, 0.05716281]
5: [0.00087671273, 0.00151708, 0.06961011, 0.095466934]
6: [0.09916643, 0.027910182, 0.005568316]
7: []
8: [0.031786967, 0.07049091, 0.058361307]
9: [0.0014979806, 0.08619123, 0.025443325]
digit_combined_sorted
0: (22, 1, (22, 6), 0.09991986)
1: (23, 1, (23, 5), 0.08520042)
2: (23, 1, (23, 6), 0.033059504)
3: (33, 4, (33, 6), 0.05749439)
4: (34, 4, (34, 6), 0.058105286)
5: (41, 5, (41, 6), 0.00087671273)
6: (41, 6, (41, 6), 0.09916643)
7: (48, 0, (48, 6), 0.089993134)
8: (48, 9, (48, 6), 0.0014979806)
9: (143, 1, (23, 33), 0.040142752)
10: (153, 1, (33, 33), 0.07987578)
11: (154, 1, (34, 33), 0.07876575)
12: (161, 5, (41, 33), 0.00151708)
13: (168, 2, (48, 33), 0.03211521)
14: (263, 1, (23, 59), 0.084844865)
15: (263, 1, (23, 60), 0.031725332)
16: (273, 4, (33, 60), 0.058685727)
17: (274, 4, (34, 60), 0.05716281)
18: (280, 9, (40, 60), 0.08619123)
19: (281, 9, (41, 60), 0.025443325)
20: (288, 1, (48, 59), 0.07102681)
21: (288, 1, (48, 60), 0.0020579237)
22: (288, 1, (48, 61), 0.07561445)
23: (383, 1, (23, 87), 0.040085807)
24: (393, 1, (33, 87), 0.07754503)
25: (394, 1, (34, 87), 0.07924364)
26: (401, 8, (41, 87), 0.031786967)
27: (408, 1, (48, 86), 0.09065545)
28: (408, 1, (48, 87), 0.003805669)
29: (408, 1, (48, 88), 0.09475813)
30: (503, 1, (23, 113), 0.08357525)
31: (503, 1, (23, 114), 0.03060695)
32: (513, 3, (33, 114), 0.024776008)
33: (521, 5, (41, 114), 0.06961011)
34: (521, 6, (41, 114), 0.027910182)
35: (521, 8, (41, 114), 0.07049091)
36: (528, 0, (48, 114), 0.08875208)
37: (528, 5, (48, 114), 0.095466934)
38: (528, 6, (48, 114), 0.005568316)
39: (528, 8, (48, 114), 0.058361307)

 22 a= 1, dx= 7, dy= 0, pt=(22, 6), t=0.100  [i==0: dx=48, dy=114
 23 a= 1, dx= 1, dy= 1, pt=(23, 5), t=0.085
       1, 0.085 < 1, 0.100 replace
 23 a= 1, dx= 0, dy= 1, pt=(23, 6), t=0.033
       1, 0.033 < 1, 0.085 replace
 33 a= 4, dx=10, dy= 0, pt=(33, 6), t=0.057
 34 a= 4, dx= 1, dy= 0, pt=(34, 6), t=0.058
       4, 0.058 < 4, 0.057
 41 a= 5, dx= 7, dy= 0, pt=(41, 6), t=0.001
 41 a= 6, dx= 0, dy= 0, pt=(41, 6), t=0.099
       6, 0.099 < 5, 0.001
 48 a= 0, dx= 7, dy= 0, pt=(48, 6), t=0.090
 48 a= 9, dx= 0, dy= 0, pt=(48, 6), t=0.001
       9, 0.001 < 0, 0.090 replace
current_group= [1, 4, 5, 9]

143 b= 1, dx=25, dy=27, pt=(23, 33), t=0.040
153 a= 1, dx=10, dy= 0, pt=(33, 33), t=0.080
154 a= 1, dx= 1, dy= 0, pt=(34, 33), t=0.079
       1, 0.079 < 1, 0.080 replace
161 a= 5, dx= 7, dy= 0, pt=(41, 33), t=0.002
168 a= 2, dx= 7, dy= 0, pt=(48, 33), t=0.032
current_group= [1, 1, 5, 2]

263 b= 1, dx=25, dy=26, pt=(23, 59), t=0.085
263 a= 1, dx= 0, dy= 1, pt=(23, 60), t=0.032
       1, 0.032 < 1, 0.085 replace
273 a= 4, dx=10, dy= 0, pt=(33, 60), t=0.059
274 a= 4, dx= 1, dy= 0, pt=(34, 60), t=0.057
       4, 0.057 < 4, 0.059 replace
280 a= 9, dx= 6, dy= 0, pt=(40, 60), t=0.086
281 a= 9, dx= 1, dy= 0, pt=(41, 60), t=0.025
       9, 0.025 < 9, 0.086 replace
288 a= 1, dx= 7, dy= 1, pt=(48, 59), t=0.071
288 a= 1, dx= 0, dy= 1, pt=(48, 60), t=0.002
       1, 0.002 < 1, 0.071 replace
288 a= 1, dx= 0, dy= 1, pt=(48, 61), t=0.076
       1, 0.076 < 1, 0.002
current_group= [1, 4, 9, 1]

383 b= 1, dx=25, dy=26, pt=(23, 87), t=0.040
393 a= 1, dx=10, dy= 0, pt=(33, 87), t=0.078
394 a= 1, dx= 1, dy= 0, pt=(34, 87), t=0.079
       1, 0.079 < 1, 0.078
401 a= 8, dx= 7, dy= 0, pt=(41, 87), t=0.032
408 a= 1, dx= 7, dy= 1, pt=(48, 86), t=0.091
408 a= 1, dx= 0, dy= 1, pt=(48, 87), t=0.004
       1, 0.004 < 1, 0.091 replace
408 a= 1, dx= 0, dy= 1, pt=(48, 88), t=0.095
       1, 0.095 < 1, 0.004
current_group= [1, 1, 8, 1]

503 b= 1, dx=25, dy=25, pt=(23, 113), t=0.084
503 a= 1, dx= 0, dy= 1, pt=(23, 114), t=0.031
       1, 0.031 < 1, 0.084 replace
513 a= 3, dx=10, dy= 0, pt=(33, 114), t=0.025
521 a= 5, dx= 8, dy= 0, pt=(41, 114), t=0.070
521 a= 6, dx= 0, dy= 0, pt=(41, 114), t=0.028
       6, 0.028 < 5, 0.070 replace
521 a= 8, dx= 0, dy= 0, pt=(41, 114), t=0.070
       8, 0.070 < 6, 0.028
528 a= 0, dx= 7, dy= 0, pt=(48, 114), t=0.089
528 a= 5, dx= 0, dy= 0, pt=(48, 114), t=0.095
       5, 0.095 < 0, 0.089
528 a= 6, dx= 0, dy= 0, pt=(48, 114), t=0.006
       6, 0.006 < 0, 0.089 replace
528 a= 8, dx= 0, dy= 0, pt=(48, 114), t=0.058
       8, 0.058 < 6, 0.006
current_group~ [1, 3, 6, 6]
highest_threshold:  0.07876575

[[1, 4, 5, 9], [1, 1, 5, 2], [1, 4, 9, 1], [1, 1, 8, 1], [1, 3, 6, 6]]
[1459, 1152, 1491, 1181, 1366]
digit_distance
0: [49, 289, 529]
1: [282, 282]
2: [162]
3: []
4: [42, 409]
5: [402]
6: [529]
7: []
8: [529]
9: [49, 169, 289, 521, 522]
digit_coordinates
0: [(49, 6), (49, 60), (49, 114)]
1: [(42, 59), (42, 60)]
2: [(42, 33)]
3: []
4: [(42, 6), (49, 87)]
5: [(42, 87)]
6: [(49, 114)]
7: []
8: [(49, 114)]
9: [(49, 6), (49, 33), (49, 60), (41, 114), (42, 114)]
digit_thresholds
0: [0.09206886, 0.09072215, 0.07128402]
1: [0.0833554, 0.030808229]
2: [0.0021723113]
3: []
4: [0.031398594, 0.0019059345]
5: [0.0030097847]
6: [0.07894937]
7: []
8: [0.0011444304]
9: [0.0012863557, 0.001606692, 0.0014087022, 0.088060044, 0.0254053]
digit_combined_sorted
0: (42, 4, (42, 6), 0.031398594)
1: (49, 0, (49, 6), 0.09206886)
2: (49, 9, (49, 6), 0.0012863557)
3: (162, 2, (42, 33), 0.0021723113)
4: (169, 9, (49, 33), 0.001606692)
5: (282, 1, (42, 59), 0.0833554)
6: (282, 1, (42, 60), 0.030808229)
7: (289, 0, (49, 60), 0.09072215)
8: (289, 9, (49, 60), 0.0014087022)
9: (402, 5, (42, 87), 0.0030097847)
10: (409, 4, (49, 87), 0.0019059345)
11: (521, 9, (41, 114), 0.088060044)
12: (522, 9, (42, 114), 0.0254053)
13: (529, 0, (49, 114), 0.07128402)
14: (529, 6, (49, 114), 0.07894937)
15: (529, 8, (49, 114), 0.0011444304)

 42 a= 4, dx= 7, dy= 0, pt=(42, 6), t=0.031  [i==0: dx=49, dy=114
 49 a= 0, dx= 7, dy= 0, pt=(49, 6), t=0.092
 49 a= 9, dx= 0, dy= 0, pt=(49, 6), t=0.001
       9, 0.001 < 0, 0.092 replace
current_group= [4, 9]

162 b= 2, dx= 7, dy=27, pt=(42, 33), t=0.002
169 a= 9, dx= 7, dy= 0, pt=(49, 33), t=0.002
current_group= [2, 9]

282 b= 1, dx= 7, dy=26, pt=(42, 59), t=0.083
282 a= 1, dx= 0, dy= 1, pt=(42, 60), t=0.031
       1, 0.031 < 1, 0.083 replace
289 a= 0, dx= 7, dy= 0, pt=(49, 60), t=0.091
289 a= 9, dx= 0, dy= 0, pt=(49, 60), t=0.001
       9, 0.001 < 0, 0.091 replace
current_group= [1, 9]

402 b= 5, dx= 7, dy=27, pt=(42, 87), t=0.003
409 a= 4, dx= 7, dy= 0, pt=(49, 87), t=0.002
current_group= [5, 4]

521 b= 9, dx= 8, dy=27, pt=(41, 114), t=0.088
522 a= 9, dx= 1, dy= 0, pt=(42, 114), t=0.025
       9, 0.025 < 9, 0.088 replace
529 a= 0, dx= 7, dy= 0, pt=(49, 114), t=0.071
529 a= 6, dx= 0, dy= 0, pt=(49, 114), t=0.079
       6, 0.079 < 0, 0.071
529 a= 8, dx= 0, dy= 0, pt=(49, 114), t=0.001
       8, 0.001 < 0, 0.071 replace
current_group~ [9, 8]
highest_threshold:  0.031398594

[[4, 9], [2, 9], [1, 9], [5, 4], [9, 8]]
[49, 29, 19, 54, 98]
2 0.007 (0, 337) heading[2]
3 0.374 (0, 3) heading[3]
4 0.312 (0, 3) heading[4]
5 0.344 (0, 3) heading[5]

city=1, path=['2\\Screenshot (2370).png']
0.003 (602, 391) anchor
0 0.009 (0, 3) heading[0]
digit_distance
0: [48, 169]
1: []
2: [394]
3: [33, 34, 41, 161, 162, 281, 282, 408]
4: [522]
5: []
6: [169]
7: [289, 401]
8: [48, 169]
9: [529]
digit_coordinates
0: [(48, 6), (49, 33)]
1: []
2: [(34, 87)]
3: [(33, 6), (34, 6), (41, 6), (41, 33), (42, 33), (41, 60), (42, 60), (48, 87)]
4: [(42, 114)]
5: []
6: [(49, 33)]
7: [(49, 60), (41, 87)]
8: [(48, 6), (49, 33)]
9: [(49, 114)]
digit_thresholds
0: [0.0015364314, 0.07085894]
1: []
2: [0.009185802]
3: [0.06071981, 0.06560788, 0.008749498, 0.050693803, 0.056396116, 0.059586924, 0.06467702, 0.0010657919]
4: [0.040243905]
5: []
6: [0.07820219]
7: [0.0014256368, 0.00946452]
8: [0.07766499, 0.0011537954]
9: [0.0012839807]
digit_combined_sorted
0: (33, 3, (33, 6), 0.06071981)
1: (34, 3, (34, 6), 0.06560788)
2: (41, 3, (41, 6), 0.008749498)
3: (48, 0, (48, 6), 0.0015364314)
4: (48, 8, (48, 6), 0.07766499)
5: (161, 3, (41, 33), 0.050693803)
6: (162, 3, (42, 33), 0.056396116)
7: (169, 0, (49, 33), 0.07085894)
8: (169, 6, (49, 33), 0.07820219)
9: (169, 8, (49, 33), 0.0011537954)
10: (281, 3, (41, 60), 0.059586924)
11: (282, 3, (42, 60), 0.06467702)
12: (289, 7, (49, 60), 0.0014256368)
13: (394, 2, (34, 87), 0.009185802)
14: (401, 7, (41, 87), 0.00946452)
15: (408, 3, (48, 87), 0.0010657919)
16: (522, 4, (42, 114), 0.040243905)
17: (529, 9, (49, 114), 0.0012839807)

 33 a= 3, dx= 7, dy= 0, pt=(33, 6), t=0.061  [i==0: dx=49, dy=114
 34 a= 3, dx= 1, dy= 0, pt=(34, 6), t=0.066
       3, 0.066 < 3, 0.061
 41 a= 3, dx= 7, dy= 0, pt=(41, 6), t=0.009
 48 a= 0, dx= 7, dy= 0, pt=(48, 6), t=0.002
 48 a= 8, dx= 0, dy= 0, pt=(48, 6), t=0.078
       8, 0.078 < 0, 0.002
current_group= [3, 3, 0]

161 b= 3, dx= 7, dy=27, pt=(41, 33), t=0.051
162 a= 3, dx= 1, dy= 0, pt=(42, 33), t=0.056
       3, 0.056 < 3, 0.051
169 a= 0, dx= 7, dy= 0, pt=(49, 33), t=0.071
169 a= 6, dx= 0, dy= 0, pt=(49, 33), t=0.078
       6, 0.078 < 0, 0.071
169 a= 8, dx= 0, dy= 0, pt=(49, 33), t=0.001
       8, 0.001 < 0, 0.071 replace
current_group= [3, 8]

281 b= 3, dx= 8, dy=27, pt=(41, 60), t=0.060
282 a= 3, dx= 1, dy= 0, pt=(42, 60), t=0.065
       3, 0.065 < 3, 0.060
289 a= 7, dx= 7, dy= 0, pt=(49, 60), t=0.001
current_group= [3, 7]

394 b= 2, dx=15, dy=27, pt=(34, 87), t=0.009
401 a= 7, dx= 7, dy= 0, pt=(41, 87), t=0.009
408 a= 3, dx= 7, dy= 0, pt=(48, 87), t=0.001
current_group= [2, 7, 3]

522 b= 4, dx= 6, dy=27, pt=(42, 114), t=0.040
529 a= 9, dx= 7, dy= 0, pt=(49, 114), t=0.001
current_group~ [4, 9]
highest_threshold:  0.06071981

[[3, 3, 0], [3, 8], [3, 7], [2, 7, 3], [4, 9]]
[330, 38, 37, 273, 49]
digit_distance
0: [161, 401]
1: [34, 34]
2: [154, 168, 169, 274, 288, 289, 394]
3: [281]
4: [522]
5: [41, 161, 408, 409]
6: [41, 161, 401, 408]
7: []
8: [161, 401]
9: [48, 529]
digit_coordinates
0: [(41, 33), (41, 87)]
1: [(34, 5), (34, 6)]
2: [(34, 33), (48, 33), (49, 33), (34, 60), (48, 60), (49, 60), (34, 87)]
3: [(41, 60)]
4: [(42, 114)]
5: [(41, 6), (41, 33), (48, 87), (49, 87)]
6: [(41, 6), (41, 33), (41, 87), (48, 87)]
7: []
8: [(41, 33), (41, 87)]
9: [(48, 6), (49, 114)]
digit_thresholds
0: [0.0911653, 0.071100295]
1: [0.09947451, 0.03817589]
2: [0.008662877, 0.06326594, 0.061674852, 0.0024395532, 0.06335881, 0.06389146, 0.01024303]
3: [0.009138954]
4: [0.03852171]
5: [0.026272913, 0.096354015, 0.04737531, 0.0495722]
6: [0.09015605, 0.005733948, 0.07846272, 0.08485871]
7: []
8: [0.05993244, 0.0011675102]
9: [0.008665967, 0.0015330433]
digit_combined_sorted
0: (34, 1, (34, 5), 0.09947451)
1: (34, 1, (34, 6), 0.03817589)
2: (41, 5, (41, 6), 0.026272913)
3: (41, 6, (41, 6), 0.09015605)
4: (48, 9, (48, 6), 0.008665967)
5: (154, 2, (34, 33), 0.008662877)
6: (161, 0, (41, 33), 0.0911653)
7: (161, 5, (41, 33), 0.096354015)
8: (161, 6, (41, 33), 0.005733948)
9: (161, 8, (41, 33), 0.05993244)
10: (168, 2, (48, 33), 0.06326594)
11: (169, 2, (49, 33), 0.061674852)
12: (274, 2, (34, 60), 0.0024395532)
13: (281, 3, (41, 60), 0.009138954)
14: (288, 2, (48, 60), 0.06335881)
15: (289, 2, (49, 60), 0.06389146)
16: (394, 2, (34, 87), 0.01024303)
17: (401, 0, (41, 87), 0.071100295)
18: (401, 6, (41, 87), 0.07846272)
19: (401, 8, (41, 87), 0.0011675102)
20: (408, 5, (48, 87), 0.04737531)
21: (408, 6, (48, 87), 0.08485871)
22: (409, 5, (49, 87), 0.0495722)
23: (522, 4, (42, 114), 0.03852171)
24: (529, 9, (49, 114), 0.0015330433)

 34 a= 1, dx= 7, dy= 0, pt=(34, 5), t=0.099  [i==0: dx=49, dy=114
 34 a= 1, dx= 0, dy= 1, pt=(34, 6), t=0.038
       1, 0.038 < 1, 0.099 replace
 41 a= 5, dx= 7, dy= 0, pt=(41, 6), t=0.026
 41 a= 6, dx= 0, dy= 0, pt=(41, 6), t=0.090
       6, 0.090 < 5, 0.026
 48 a= 9, dx= 7, dy= 0, pt=(48, 6), t=0.009
current_group= [1, 5, 9]

154 b= 2, dx=14, dy=27, pt=(34, 33), t=0.009
161 a= 0, dx= 7, dy= 0, pt=(41, 33), t=0.091
161 a= 5, dx= 0, dy= 0, pt=(41, 33), t=0.096
       5, 0.096 < 0, 0.091
161 a= 6, dx= 0, dy= 0, pt=(41, 33), t=0.006
       6, 0.006 < 0, 0.091 replace
161 a= 8, dx= 0, dy= 0, pt=(41, 33), t=0.060
       8, 0.060 < 6, 0.006
168 a= 2, dx= 7, dy= 0, pt=(48, 33), t=0.063
169 a= 2, dx= 1, dy= 0, pt=(49, 33), t=0.062
       2, 0.062 < 2, 0.063 replace
current_group= [2, 6, 2]

274 b= 2, dx=15, dy=27, pt=(34, 60), t=0.002
281 a= 3, dx= 7, dy= 0, pt=(41, 60), t=0.009
288 a= 2, dx= 7, dy= 0, pt=(48, 60), t=0.063
289 a= 2, dx= 1, dy= 0, pt=(49, 60), t=0.064
       2, 0.064 < 2, 0.063
current_group= [2, 3, 2]

394 b= 2, dx=15, dy=27, pt=(34, 87), t=0.010
401 a= 0, dx= 7, dy= 0, pt=(41, 87), t=0.071
401 a= 6, dx= 0, dy= 0, pt=(41, 87), t=0.078
       6, 0.078 < 0, 0.071
401 a= 8, dx= 0, dy= 0, pt=(41, 87), t=0.001
       8, 0.001 < 0, 0.071 replace
408 a= 5, dx= 7, dy= 0, pt=(48, 87), t=0.047
408 a= 6, dx= 0, dy= 0, pt=(48, 87), t=0.085
       6, 0.085 < 5, 0.047
409 a= 5, dx= 1, dy= 0, pt=(49, 87), t=0.050
       5, 0.050 < 5, 0.047
current_group= [2, 8, 5]

522 b= 4, dx= 7, dy=27, pt=(42, 114), t=0.039
529 a= 9, dx= 7, dy= 0, pt=(49, 114), t=0.002
current_group~ [4, 9]
highest_threshold:  0.06335881

[[1, 5, 9], [2, 6, 2], [2, 3, 2], [2, 8, 5], [4, 9]]
[159, 262, 232, 285, 49]
1 0.006 (0, 170) heading[1]
digit_distance
0: [41, 401, 528]
1: [263, 263, 273, 274, 503, 503]
2: [168, 169, 514]
3: [288]
4: [48]
5: [34, 41, 161, 162, 394, 408, 409, 521]
6: [34, 41, 161, 401, 408, 521]
7: [154, 281]
8: [41, 288, 401, 528]
9: [528]
digit_coordinates
0: [(41, 6), (41, 87), (48, 114)]
1: [(23, 59), (23, 60), (33, 60), (34, 60), (23, 113), (23, 114)]
2: [(48, 33), (49, 33), (34, 114)]
3: [(48, 60)]
4: [(48, 6)]
5: [(34, 6), (41, 6), (41, 33), (42, 33), (34, 87), (48, 87), (49, 87), (41, 114)]
6: [(34, 6), (41, 6), (41, 33), (41, 87), (48, 87), (41, 114)]
7: [(34, 33), (41, 60)]
8: [(41, 6), (48, 60), (41, 87), (48, 114)]
9: [(48, 114)]
digit_thresholds
0: [0.08980547, 0.07982173, 0.009917211]
1: [0.084845126, 0.031725332, 0.06279901, 0.07139165, 0.08357525, 0.03060695]
2: [0.061302464, 0.06333585, 0.014275221]
3: [0.009170899]
4: [0.008507597]
5: [0.0012134576, 0.09744633, 0.024332052, 0.094705805, 0.0017045788, 0.0542433, 0.060326368, 0.0010189881]
6: [0.099339046, 0.0050787814, 0.08503168, 0.076137275, 0.09822775, 0.096932314]
7: [0.032285064, 0.040049717]
8: [0.05958273, 0.09964614, 0.0014798627, 0.07426623]
9: [0.09749377]
digit_combined_sorted
0: (34, 5, (34, 6), 0.0012134576)
1: (34, 6, (34, 6), 0.099339046)
2: (41, 0, (41, 6), 0.08980547)
3: (41, 5, (41, 6), 0.09744633)
4: (41, 6, (41, 6), 0.0050787814)
5: (41, 8, (41, 6), 0.05958273)
6: (48, 4, (48, 6), 0.008507597)
7: (154, 7, (34, 33), 0.032285064)
8: (161, 5, (41, 33), 0.024332052)
9: (161, 6, (41, 33), 0.08503168)
10: (162, 5, (42, 33), 0.094705805)
11: (168, 2, (48, 33), 0.061302464)
12: (169, 2, (49, 33), 0.06333585)
13: (263, 1, (23, 59), 0.084845126)
14: (263, 1, (23, 60), 0.031725332)
15: (273, 1, (33, 60), 0.06279901)
16: (274, 1, (34, 60), 0.07139165)
17: (281, 7, (41, 60), 0.040049717)
18: (288, 3, (48, 60), 0.009170899)
19: (288, 8, (48, 60), 0.09964614)
20: (394, 5, (34, 87), 0.0017045788)
21: (401, 0, (41, 87), 0.07982173)
22: (401, 6, (41, 87), 0.076137275)
23: (401, 8, (41, 87), 0.0014798627)
24: (408, 5, (48, 87), 0.0542433)
25: (408, 6, (48, 87), 0.09822775)
26: (409, 5, (49, 87), 0.060326368)
27: (503, 1, (23, 113), 0.08357525)
28: (503, 1, (23, 114), 0.03060695)
29: (514, 2, (34, 114), 0.014275221)
30: (521, 5, (41, 114), 0.0010189881)
31: (521, 6, (41, 114), 0.096932314)
32: (528, 0, (48, 114), 0.009917211)
33: (528, 8, (48, 114), 0.07426623)
34: (528, 9, (48, 114), 0.09749377)

 34 a= 5, dx= 7, dy= 0, pt=(34, 6), t=0.001  [i==0: dx=48, dy=114
 34 a= 6, dx= 0, dy= 0, pt=(34, 6), t=0.099
       6, 0.099 < 5, 0.001
 41 a= 0, dx= 7, dy= 0, pt=(41, 6), t=0.090
 41 a= 5, dx= 0, dy= 0, pt=(41, 6), t=0.097
       5, 0.097 < 0, 0.090
 41 a= 6, dx= 0, dy= 0, pt=(41, 6), t=0.005
       6, 0.005 < 0, 0.090 replace
 41 a= 8, dx= 0, dy= 0, pt=(41, 6), t=0.060
       8, 0.060 < 6, 0.005
 48 a= 4, dx= 7, dy= 0, pt=(48, 6), t=0.009
current_group= [5, 6, 4]

154 b= 7, dx=14, dy=27, pt=(34, 33), t=0.032
161 a= 5, dx= 7, dy= 0, pt=(41, 33), t=0.024
161 a= 6, dx= 0, dy= 0, pt=(41, 33), t=0.085
       6, 0.085 < 5, 0.024
162 a= 5, dx= 1, dy= 0, pt=(42, 33), t=0.095
       5, 0.095 < 5, 0.024
168 a= 2, dx= 6, dy= 0, pt=(48, 33), t=0.061
169 a= 2, dx= 1, dy= 0, pt=(49, 33), t=0.063
       2, 0.063 < 2, 0.061
current_group= [7, 5, 2]

263 b= 1, dx=26, dy=26, pt=(23, 59), t=0.085
263 a= 1, dx= 0, dy= 1, pt=(23, 60), t=0.032
       1, 0.032 < 1, 0.085 replace
273 a= 1, dx=10, dy= 0, pt=(33, 60), t=0.063
274 a= 1, dx= 1, dy= 0, pt=(34, 60), t=0.071
       1, 0.071 < 1, 0.063
281 a= 7, dx= 7, dy= 0, pt=(41, 60), t=0.040
288 a= 3, dx= 7, dy= 0, pt=(48, 60), t=0.009
288 a= 8, dx= 0, dy= 0, pt=(48, 60), t=0.100
       8, 0.100 < 3, 0.009
current_group= [1, 1, 7, 3]

394 b= 5, dx=14, dy=27, pt=(34, 87), t=0.002
401 a= 0, dx= 7, dy= 0, pt=(41, 87), t=0.080
401 a= 6, dx= 0, dy= 0, pt=(41, 87), t=0.076
       6, 0.076 < 0, 0.080 replace
401 a= 8, dx= 0, dy= 0, pt=(41, 87), t=0.001
       8, 0.001 < 6, 0.076 replace
408 a= 5, dx= 7, dy= 0, pt=(48, 87), t=0.054
408 a= 6, dx= 0, dy= 0, pt=(48, 87), t=0.098
       6, 0.098 < 5, 0.054
409 a= 5, dx= 1, dy= 0, pt=(49, 87), t=0.060
       5, 0.060 < 5, 0.054
current_group= [5, 8, 5]

503 b= 1, dx=26, dy=26, pt=(23, 113), t=0.084
503 a= 1, dx= 0, dy= 1, pt=(23, 114), t=0.031
       1, 0.031 < 1, 0.084 replace
514 a= 2, dx=11, dy= 0, pt=(34, 114), t=0.014
521 a= 5, dx= 7, dy= 0, pt=(41, 114), t=0.001
521 a= 6, dx= 0, dy= 0, pt=(41, 114), t=0.097
       6, 0.097 < 5, 0.001
528 a= 0, dx= 7, dy= 0, pt=(48, 114), t=0.010
528 a= 8, dx= 0, dy= 0, pt=(48, 114), t=0.074
       8, 0.074 < 0, 0.010
528 a= 9, dx= 0, dy= 0, pt=(48, 114), t=0.097
       9, 0.097 < 0, 0.010
current_group~ [1, 2, 5, 0]
highest_threshold:  0.06279901

[[5, 6, 4], [7, 5, 2], [1, 1, 7, 3], [5, 8, 5], [1, 2, 5, 0]]
[564, 752, 1173, 585, 1250]
digit_distance
0: [161, 168, 288, 408, 528, 528, 528]
1: [34, 33, 34, 274, 274, 394, 514, 513, 514]
2: [154]
3: []
4: [48]
5: []
6: []
7: [41, 281, 521]
8: [161, 168, 408, 528]
9: [288, 401, 528]
digit_coordinates
0: [(41, 33), (48, 33), (48, 60), (48, 87), (48, 113), (48, 114), (48, 115)]
1: [(34, 5), (33, 6), (34, 6), (34, 59), (34, 60), (34, 87), (34, 113), (33, 114), (34, 114)]
2: [(34, 33)]
3: []
4: [(48, 6)]
5: []
6: []
7: [(41, 6), (41, 60), (41, 114)]
8: [(41, 33), (48, 33), (48, 87), (48, 114)]
9: [(48, 60), (41, 87), (48, 114)]
digit_thresholds
0: [0.012272871, 0.001946869, 0.0929166, 0.0014449009, 0.0933565, 0.0009502664, 0.093179666]
1: [0.08626024, 0.09643639, 0.034031004, 0.08153094, 0.03128667, 0.040679984, 0.08255906, 0.099879384, 0.03201066]
2: [0.0027144]
3: []
4: [0.009164696]
5: []
6: []
7: [0.009990281, 0.009886705, 0.008732867]
8: [0.0823007, 0.07918137, 0.07654362, 0.068596415]
9: [0.007052924, 0.0014288482, 0.09416877]
digit_combined_sorted
0: (33, 1, (33, 6), 0.09643639)
1: (34, 1, (34, 5), 0.08626024)
2: (34, 1, (34, 6), 0.034031004)
3: (41, 7, (41, 6), 0.009990281)
4: (48, 4, (48, 6), 0.009164696)
5: (154, 2, (34, 33), 0.0027144)
6: (161, 0, (41, 33), 0.012272871)
7: (161, 8, (41, 33), 0.0823007)
8: (168, 0, (48, 33), 0.001946869)
9: (168, 8, (48, 33), 0.07918137)
10: (274, 1, (34, 59), 0.08153094)
11: (274, 1, (34, 60), 0.03128667)
12: (281, 7, (41, 60), 0.009886705)
13: (288, 0, (48, 60), 0.0929166)
14: (288, 9, (48, 60), 0.007052924)
15: (394, 1, (34, 87), 0.040679984)
16: (401, 9, (41, 87), 0.0014288482)
17: (408, 0, (48, 87), 0.0014449009)
18: (408, 8, (48, 87), 0.07654362)
19: (513, 1, (33, 114), 0.099879384)
20: (514, 1, (34, 113), 0.08255906)
21: (514, 1, (34, 114), 0.03201066)
22: (521, 7, (41, 114), 0.008732867)
23: (528, 0, (48, 113), 0.0933565)
24: (528, 0, (48, 114), 0.0009502664)
25: (528, 0, (48, 115), 0.093179666)
26: (528, 8, (48, 114), 0.068596415)
27: (528, 9, (48, 114), 0.09416877)

 33 a= 1, dx= 7, dy= 0, pt=(33, 6), t=0.096  [i==0: dx=48, dy=114
 34 a= 1, dx= 1, dy= 1, pt=(34, 5), t=0.086
       1, 0.086 < 1, 0.096 replace
 34 a= 1, dx= 0, dy= 1, pt=(34, 6), t=0.034
       1, 0.034 < 1, 0.086 replace
 41 a= 7, dx= 7, dy= 0, pt=(41, 6), t=0.010
 48 a= 4, dx= 7, dy= 0, pt=(48, 6), t=0.009
current_group= [1, 7, 4]

154 b= 2, dx=14, dy=27, pt=(34, 33), t=0.003
161 a= 0, dx= 7, dy= 0, pt=(41, 33), t=0.012
161 a= 8, dx= 0, dy= 0, pt=(41, 33), t=0.082
       8, 0.082 < 0, 0.012
168 a= 0, dx= 7, dy= 0, pt=(48, 33), t=0.002
168 a= 8, dx= 0, dy= 0, pt=(48, 33), t=0.079
       8, 0.079 < 0, 0.002
current_group= [2, 0, 0]

274 b= 1, dx=14, dy=26, pt=(34, 59), t=0.082
274 a= 1, dx= 0, dy= 1, pt=(34, 60), t=0.031
       1, 0.031 < 1, 0.082 replace
281 a= 7, dx= 7, dy= 0, pt=(41, 60), t=0.010
288 a= 0, dx= 7, dy= 0, pt=(48, 60), t=0.093
288 a= 9, dx= 0, dy= 0, pt=(48, 60), t=0.007
       9, 0.007 < 0, 0.093 replace
current_group= [1, 7, 9]

394 b= 1, dx=14, dy=27, pt=(34, 87), t=0.041
401 a= 9, dx= 7, dy= 0, pt=(41, 87), t=0.001
408 a= 0, dx= 7, dy= 0, pt=(48, 87), t=0.001
408 a= 8, dx= 0, dy= 0, pt=(48, 87), t=0.077
       8, 0.077 < 0, 0.001
current_group= [1, 9, 0]

513 b= 1, dx=15, dy=27, pt=(33, 114), t=0.100
514 a= 1, dx= 1, dy= 1, pt=(34, 113), t=0.083
       1, 0.083 < 1, 0.100 replace
514 a= 1, dx= 0, dy= 1, pt=(34, 114), t=0.032
       1, 0.032 < 1, 0.083 replace
521 a= 7, dx= 7, dy= 0, pt=(41, 114), t=0.009
528 a= 0, dx= 7, dy= 1, pt=(48, 113), t=0.093
528 a= 0, dx= 0, dy= 1, pt=(48, 114), t=0.001
       0, 0.001 < 0, 0.093 replace
528 a= 0, dx= 0, dy= 1, pt=(48, 115), t=0.093
       0, 0.093 < 0, 0.001
528 a= 8, dx= 0, dy= 1, pt=(48, 114), t=0.069
       8, 0.069 < 0, 0.001
528 a= 9, dx= 0, dy= 0, pt=(48, 114), t=0.094
       9, 0.094 < 0, 0.001
current_group~ [1, 7, 0]
highest_threshold:  0.040679984

[[1, 7, 4], [2, 0, 0], [1, 7, 9], [1, 9, 0], [1, 7, 0]]
[174, 200, 179, 190, 170]
2 0.007 (0, 337) heading[2]
3 0.374 (0, 3) heading[3]
4 0.312 (0, 3) heading[4]
5 0.344 (0, 3) heading[5]

city=2, path=['3\\Screenshot (2371).png', '3\\Screenshot (2373).png']
0.003 (602, 391) anchor
0 0.009 (0, 3) heading[0]
digit_distance
0: [408]
1: [163, 169, 163, 169, 169]
2: [522]
3: [33, 34, 393, 394]
4: []
5: [289, 290, 529, 530]
6: [41, 289, 408, 529]
7: [48, 282, 401]
8: [41, 408]
9: []
digit_coordinates
0: [(48, 87)]
1: [(43, 32), (49, 32), (43, 33), (49, 33), (49, 34)]
2: [(42, 114)]
3: [(33, 6), (34, 6), (33, 87), (34, 87)]
4: []
5: [(49, 60), (50, 60), (49, 114), (50, 114)]
6: [(41, 6), (49, 60), (48, 87), (49, 114)]
7: [(48, 6), (42, 60), (41, 87)]
8: [(41, 6), (48, 87)]
9: []
digit_thresholds
0: [0.072564095]
1: [0.08287356, 0.07278277, 0.030581774, 0.0011856763, 0.07630225]
2: [0.0025129507]
3: [0.06071981, 0.06560788, 0.048608232, 0.059082005]
4: []
5: [0.025350254, 0.09745284, 0.02544469, 0.09884271]
6: [0.0014493951, 0.085964225, 0.080718584, 0.086609714]
7: [0.012904562, 0.031521067, 0.009464647]
8: [0.07039002, 0.009067987]
9: []
digit_combined_sorted
0: (33, 3, (33, 6), 0.06071981)
1: (34, 3, (34, 6), 0.06560788)
2: (41, 6, (41, 6), 0.0014493951)
3: (41, 8, (41, 6), 0.07039002)
4: (48, 7, (48, 6), 0.012904562)
5: (163, 1, (43, 32), 0.08287356)
6: (163, 1, (43, 33), 0.030581774)
7: (169, 1, (49, 32), 0.07278277)
8: (169, 1, (49, 33), 0.0011856763)
9: (169, 1, (49, 34), 0.07630225)
10: (282, 7, (42, 60), 0.031521067)
11: (289, 5, (49, 60), 0.025350254)
12: (289, 6, (49, 60), 0.085964225)
13: (290, 5, (50, 60), 0.09745284)
14: (393, 3, (33, 87), 0.048608232)
15: (394, 3, (34, 87), 0.059082005)
16: (401, 7, (41, 87), 0.009464647)
17: (408, 0, (48, 87), 0.072564095)
18: (408, 6, (48, 87), 0.080718584)
19: (408, 8, (48, 87), 0.009067987)
20: (522, 2, (42, 114), 0.0025129507)
21: (529, 5, (49, 114), 0.02544469)
22: (529, 6, (49, 114), 0.086609714)
23: (530, 5, (50, 114), 0.09884271)

 33 a= 3, dx= 7, dy= 0, pt=(33, 6), t=0.061  [i==0: dx=50, dy=114
 34 a= 3, dx= 1, dy= 0, pt=(34, 6), t=0.066
       3, 0.066 < 3, 0.061
 41 a= 6, dx= 7, dy= 0, pt=(41, 6), t=0.001
 41 a= 8, dx= 0, dy= 0, pt=(41, 6), t=0.070
       8, 0.070 < 6, 0.001
 48 a= 7, dx= 7, dy= 0, pt=(48, 6), t=0.013
current_group= [3, 6, 7]

163 b= 1, dx= 5, dy=26, pt=(43, 32), t=0.083
163 a= 1, dx= 0, dy= 1, pt=(43, 33), t=0.031
       1, 0.031 < 1, 0.083 replace
169 a= 1, dx= 6, dy= 1, pt=(49, 32), t=0.073
169 a= 1, dx= 0, dy= 1, pt=(49, 33), t=0.001
       1, 0.001 < 1, 0.073 replace
169 a= 1, dx= 0, dy= 1, pt=(49, 34), t=0.076
       1, 0.076 < 1, 0.001
current_group= [1, 1]

282 b= 7, dx= 7, dy=26, pt=(42, 60), t=0.032
289 a= 5, dx= 7, dy= 0, pt=(49, 60), t=0.025
289 a= 6, dx= 0, dy= 0, pt=(49, 60), t=0.086
       6, 0.086 < 5, 0.025
290 a= 5, dx= 1, dy= 0, pt=(50, 60), t=0.097
       5, 0.097 < 5, 0.025
current_group= [7, 5]

393 b= 3, dx=17, dy=27, pt=(33, 87), t=0.049
394 a= 3, dx= 1, dy= 0, pt=(34, 87), t=0.059
       3, 0.059 < 3, 0.049
401 a= 7, dx= 7, dy= 0, pt=(41, 87), t=0.009
408 a= 0, dx= 7, dy= 0, pt=(48, 87), t=0.073
408 a= 6, dx= 0, dy= 0, pt=(48, 87), t=0.081
       6, 0.081 < 0, 0.073
408 a= 8, dx= 0, dy= 0, pt=(48, 87), t=0.009
       8, 0.009 < 0, 0.073 replace
current_group= [3, 7, 8]

522 b= 2, dx= 6, dy=27, pt=(42, 114), t=0.003
529 a= 5, dx= 7, dy= 0, pt=(49, 114), t=0.025
529 a= 6, dx= 0, dy= 0, pt=(49, 114), t=0.087
       6, 0.087 < 5, 0.025
530 a= 5, dx= 1, dy= 0, pt=(50, 114), t=0.099
       5, 0.099 < 5, 0.025
current_group~ [2, 5]
highest_threshold:  0.06071981

[[3, 6, 7], [1, 1], [7, 5], [3, 7, 8], [2, 5]]
[367, 11, 75, 378, 25]
digit_distance
0: [161, 288, 401]
1: [394, 393, 394]
2: [274, 521]
3: [513, 514]
4: [154, 528]
5: [42, 161, 168, 169, 408, 409]
6: [42, 161, 168, 401, 408]
7: [281]
8: [42, 161, 288, 401]
9: [49]
digit_coordinates
0: [(41, 33), (48, 60), (41, 87)]
1: [(34, 86), (33, 87), (34, 87)]
2: [(34, 60), (41, 114)]
3: [(33, 114), (34, 114)]
4: [(34, 33), (48, 114)]
5: [(42, 6), (41, 33), (48, 33), (49, 33), (48, 87), (49, 87)]
6: [(42, 6), (41, 33), (48, 33), (41, 87), (48, 87)]
7: [(41, 60)]
8: [(42, 6), (41, 33), (48, 60), (41, 87)]
9: [(49, 6)]
digit_thresholds
0: [0.09116512, 0.0021430918, 0.071100466]
1: [0.08408733, 0.09594666, 0.033893313]
2: [0.0024395532, 0.031877562]
3: [0.057525817, 0.06433398]
4: [0.03240061, 0.007908207]
5: [0.07224829, 0.096354015, 0.047051232, 0.04810631, 0.047375504, 0.0495724]
6: [0.028656986, 0.005734131, 0.08407759, 0.07846308, 0.08485871]
7: [0.0011435169]
8: [0.08365637, 0.05993244, 0.079185285, 0.0011675102]
9: [0.0010416821]
digit_combined_sorted
0: (42, 5, (42, 6), 0.07224829)
1: (42, 6, (42, 6), 0.028656986)
2: (42, 8, (42, 6), 0.08365637)
3: (49, 9, (49, 6), 0.0010416821)
4: (154, 4, (34, 33), 0.03240061)
5: (161, 0, (41, 33), 0.09116512)
6: (161, 5, (41, 33), 0.096354015)
7: (161, 6, (41, 33), 0.005734131)
8: (161, 8, (41, 33), 0.05993244)
9: (168, 5, (48, 33), 0.047051232)
10: (168, 6, (48, 33), 0.08407759)
11: (169, 5, (49, 33), 0.04810631)
12: (274, 2, (34, 60), 0.0024395532)
13: (281, 7, (41, 60), 0.0011435169)
14: (288, 0, (48, 60), 0.0021430918)
15: (288, 8, (48, 60), 0.079185285)
16: (393, 1, (33, 87), 0.09594666)
17: (394, 1, (34, 86), 0.08408733)
18: (394, 1, (34, 87), 0.033893313)
19: (401, 0, (41, 87), 0.071100466)
20: (401, 6, (41, 87), 0.07846308)
21: (401, 8, (41, 87), 0.0011675102)
22: (408, 5, (48, 87), 0.047375504)
23: (408, 6, (48, 87), 0.08485871)
24: (409, 5, (49, 87), 0.0495724)
25: (513, 3, (33, 114), 0.057525817)
26: (514, 3, (34, 114), 0.06433398)
27: (521, 2, (41, 114), 0.031877562)
28: (528, 4, (48, 114), 0.007908207)

 42 a= 5, dx= 7, dy= 0, pt=(42, 6), t=0.072  [i==0: dx=48, dy=114
 42 a= 6, dx= 0, dy= 0, pt=(42, 6), t=0.029
       6, 0.029 < 5, 0.072 replace
 42 a= 8, dx= 0, dy= 0, pt=(42, 6), t=0.084
       8, 0.084 < 6, 0.029
 49 a= 9, dx= 7, dy= 0, pt=(49, 6), t=0.001
current_group= [6, 9]

154 b= 4, dx=15, dy=27, pt=(34, 33), t=0.032
161 a= 0, dx= 7, dy= 0, pt=(41, 33), t=0.091
161 a= 5, dx= 0, dy= 0, pt=(41, 33), t=0.096
       5, 0.096 < 0, 0.091
161 a= 6, dx= 0, dy= 0, pt=(41, 33), t=0.006
       6, 0.006 < 0, 0.091 replace
161 a= 8, dx= 0, dy= 0, pt=(41, 33), t=0.060
       8, 0.060 < 6, 0.006
168 a= 5, dx= 7, dy= 0, pt=(48, 33), t=0.047
168 a= 6, dx= 0, dy= 0, pt=(48, 33), t=0.084
       6, 0.084 < 5, 0.047
169 a= 5, dx= 1, dy= 0, pt=(49, 33), t=0.048
       5, 0.048 < 5, 0.047
current_group= [4, 6, 5]

274 b= 2, dx=15, dy=27, pt=(34, 60), t=0.002
281 a= 7, dx= 7, dy= 0, pt=(41, 60), t=0.001
288 a= 0, dx= 7, dy= 0, pt=(48, 60), t=0.002
288 a= 8, dx= 0, dy= 0, pt=(48, 60), t=0.079
       8, 0.079 < 0, 0.002
current_group= [2, 7, 0]

393 b= 1, dx=15, dy=27, pt=(33, 87), t=0.096
394 a= 1, dx= 1, dy= 1, pt=(34, 86), t=0.084
       1, 0.084 < 1, 0.096 replace
394 a= 1, dx= 0, dy= 1, pt=(34, 87), t=0.034
       1, 0.034 < 1, 0.084 replace
401 a= 0, dx= 7, dy= 0, pt=(41, 87), t=0.071
401 a= 6, dx= 0, dy= 0, pt=(41, 87), t=0.078
       6, 0.078 < 0, 0.071
401 a= 8, dx= 0, dy= 0, pt=(41, 87), t=0.001
       8, 0.001 < 0, 0.071 replace
408 a= 5, dx= 7, dy= 0, pt=(48, 87), t=0.047
408 a= 6, dx= 0, dy= 0, pt=(48, 87), t=0.085
       6, 0.085 < 5, 0.047
409 a= 5, dx= 1, dy= 0, pt=(49, 87), t=0.050
       5, 0.050 < 5, 0.047
current_group= [1, 8, 5]

513 b= 3, dx=16, dy=27, pt=(33, 114), t=0.058
514 a= 3, dx= 1, dy= 0, pt=(34, 114), t=0.064
       3, 0.064 < 3, 0.058
521 a= 2, dx= 7, dy= 0, pt=(41, 114), t=0.032
528 a= 4, dx= 7, dy= 0, pt=(48, 114), t=0.008
current_group~ [3, 2, 4]
highest_threshold:  0.057525817

[[6, 9], [4, 6, 5], [2, 7, 0], [1, 8, 5], [3, 2, 4]]
[69, 465, 270, 185, 324]
1 0.006 (0, 170) heading[1]
digit_distance
0: [33, 48, 288, 408, 528]
1: [23, 22, 23, 263, 263, 503, 521, 503, 520, 521]
2: []
3: [273, 513]
4: [168]
5: [41, 154, 161, 162, 394, 528]
6: [41, 48, 161, 394, 528]
7: [401]
8: [33, 48, 394, 408, 528]
9: [280, 281, 288]
digit_coordinates
0: [(33, 6), (48, 6), (48, 60), (48, 87), (48, 114)]
1: [(23, 5), (22, 6), (23, 6), (23, 59), (23, 60), (23, 113), (41, 113), (23, 114), (40, 114), (41, 114)]
2: []
3: [(33, 60), (33, 114)]
4: [(48, 33)]
5: [(41, 6), (34, 33), (41, 33), (42, 33), (34, 87), (48, 114)]
6: [(41, 6), (48, 6), (41, 33), (34, 87), (48, 114)]
7: [(41, 87)]
8: [(33, 6), (48, 6), (34, 87), (48, 87), (48, 114)]
9: [(40, 60), (41, 60), (48, 60)]
digit_thresholds
0: [0.031949196, 0.07177182, 0.0890408, 0.001902857, 0.08875191]
1: [0.085200556, 0.09991986, 0.033059504, 0.084845126, 0.031725332, 0.08357525, 0.08319802, 0.03060695, 0.099855185, 0.032612216]
2: []
3: [0.024127308, 0.02477622]
4: [0.007675188]
5: [0.0008769081, 0.002990375, 0.024332052, 0.09013056, 0.071572214, 0.09546675]
6: [0.09916643, 0.078039154, 0.08503149, 0.027854778, 0.005568682]
7: [0.0015981763]
8: [0.09217435, 0.0011382988, 0.08185635, 0.079638645, 0.05836148]
9: [0.08619105, 0.025443148, 0.0019114114]
digit_combined_sorted
0: (22, 1, (22, 6), 0.09991986)
1: (23, 1, (23, 5), 0.085200556)
2: (23, 1, (23, 6), 0.033059504)
3: (33, 0, (33, 6), 0.031949196)
4: (33, 8, (33, 6), 0.09217435)
5: (41, 5, (41, 6), 0.0008769081)
6: (41, 6, (41, 6), 0.09916643)
7: (48, 0, (48, 6), 0.07177182)
8: (48, 6, (48, 6), 0.078039154)
9: (48, 8, (48, 6), 0.0011382988)
10: (154, 5, (34, 33), 0.002990375)
11: (161, 5, (41, 33), 0.024332052)
12: (161, 6, (41, 33), 0.08503149)
13: (162, 5, (42, 33), 0.09013056)
14: (168, 4, (48, 33), 0.007675188)
15: (263, 1, (23, 59), 0.084845126)
16: (263, 1, (23, 60), 0.031725332)
17: (273, 3, (33, 60), 0.024127308)
18: (280, 9, (40, 60), 0.08619105)
19: (281, 9, (41, 60), 0.025443148)
20: (288, 0, (48, 60), 0.0890408)
21: (288, 9, (48, 60), 0.0019114114)
22: (394, 5, (34, 87), 0.071572214)
23: (394, 6, (34, 87), 0.027854778)
24: (394, 8, (34, 87), 0.08185635)
25: (401, 7, (41, 87), 0.0015981763)
26: (408, 0, (48, 87), 0.001902857)
27: (408, 8, (48, 87), 0.079638645)
28: (503, 1, (23, 113), 0.08357525)
29: (503, 1, (23, 114), 0.03060695)
30: (513, 3, (33, 114), 0.02477622)
31: (520, 1, (40, 114), 0.099855185)
32: (521, 1, (41, 113), 0.08319802)
33: (521, 1, (41, 114), 0.032612216)
34: (528, 0, (48, 114), 0.08875191)
35: (528, 5, (48, 114), 0.09546675)
36: (528, 6, (48, 114), 0.005568682)
37: (528, 8, (48, 114), 0.05836148)

 22 a= 1, dx= 7, dy= 0, pt=(22, 6), t=0.100  [i==0: dx=48, dy=114
 23 a= 1, dx= 1, dy= 1, pt=(23, 5), t=0.085
       1, 0.085 < 1, 0.100 replace
 23 a= 1, dx= 0, dy= 1, pt=(23, 6), t=0.033
       1, 0.033 < 1, 0.085 replace
 33 a= 0, dx=10, dy= 0, pt=(33, 6), t=0.032
 33 a= 8, dx= 0, dy= 0, pt=(33, 6), t=0.092
       8, 0.092 < 0, 0.032
 41 a= 5, dx= 8, dy= 0, pt=(41, 6), t=0.001
 41 a= 6, dx= 0, dy= 0, pt=(41, 6), t=0.099
       6, 0.099 < 5, 0.001
 48 a= 0, dx= 7, dy= 0, pt=(48, 6), t=0.072
 48 a= 6, dx= 0, dy= 0, pt=(48, 6), t=0.078
       6, 0.078 < 0, 0.072
 48 a= 8, dx= 0, dy= 0, pt=(48, 6), t=0.001
       8, 0.001 < 0, 0.072 replace
current_group= [1, 0, 5, 8]

154 b= 5, dx=14, dy=27, pt=(34, 33), t=0.003
161 a= 5, dx= 7, dy= 0, pt=(41, 33), t=0.024
161 a= 6, dx= 0, dy= 0, pt=(41, 33), t=0.085
       6, 0.085 < 5, 0.024
162 a= 5, dx= 1, dy= 0, pt=(42, 33), t=0.090
       5, 0.090 < 5, 0.024
168 a= 4, dx= 6, dy= 0, pt=(48, 33), t=0.008
current_group= [5, 5, 4]

263 b= 1, dx=25, dy=26, pt=(23, 59), t=0.085
263 a= 1, dx= 0, dy= 1, pt=(23, 60), t=0.032
       1, 0.032 < 1, 0.085 replace
273 a= 3, dx=10, dy= 0, pt=(33, 60), t=0.024
280 a= 9, dx= 7, dy= 0, pt=(40, 60), t=0.086
281 a= 9, dx= 1, dy= 0, pt=(41, 60), t=0.025
       9, 0.025 < 9, 0.086 replace
288 a= 0, dx= 7, dy= 0, pt=(48, 60), t=0.089
288 a= 9, dx= 0, dy= 0, pt=(48, 60), t=0.002
       9, 0.002 < 0, 0.089 replace
current_group= [1, 3, 9, 9]

394 b= 5, dx=14, dy=27, pt=(34, 87), t=0.072
394 a= 6, dx= 0, dy= 0, pt=(34, 87), t=0.028
       6, 0.028 < 5, 0.072 replace
394 a= 8, dx= 0, dy= 0, pt=(34, 87), t=0.082
       8, 0.082 < 6, 0.028
401 a= 7, dx= 7, dy= 0, pt=(41, 87), t=0.002
408 a= 0, dx= 7, dy= 0, pt=(48, 87), t=0.002
408 a= 8, dx= 0, dy= 0, pt=(48, 87), t=0.080
       8, 0.080 < 0, 0.002
current_group= [6, 7, 0]

503 b= 1, dx=25, dy=26, pt=(23, 113), t=0.084
503 a= 1, dx= 0, dy= 1, pt=(23, 114), t=0.031
       1, 0.031 < 1, 0.084 replace
513 a= 3, dx=10, dy= 0, pt=(33, 114), t=0.025
520 a= 1, dx= 7, dy= 0, pt=(40, 114), t=0.100
521 a= 1, dx= 1, dy= 1, pt=(41, 113), t=0.083
       1, 0.083 < 1, 0.100 replace
521 a= 1, dx= 0, dy= 1, pt=(41, 114), t=0.033
       1, 0.033 < 1, 0.083 replace
528 a= 0, dx= 7, dy= 0, pt=(48, 114), t=0.089
528 a= 5, dx= 0, dy= 0, pt=(48, 114), t=0.095
       5, 0.095 < 0, 0.089
528 a= 6, dx= 0, dy= 0, pt=(48, 114), t=0.006
       6, 0.006 < 0, 0.089 replace
528 a= 8, dx= 0, dy= 0, pt=(48, 114), t=0.058
       8, 0.058 < 6, 0.006
current_group~ [1, 3, 1, 6]
highest_threshold:  0.033059504

[[1, 0, 5, 8], [5, 5, 4], [1, 3, 9, 9], [6, 7, 0], [1, 3, 1, 6]]
[1058, 554, 1399, 670, 1316]
digit_distance
0: [289, 529, 529, 529]
1: []
2: []
3: []
4: [49, 282, 402, 522]
5: [42, 162, 169, 170, 409]
6: [42, 169, 409]
7: []
8: [529]
9: [289, 529]
digit_coordinates
0: [(49, 60), (49, 113), (49, 114), (49, 115)]
1: []
2: []
3: []
4: [(49, 6), (42, 60), (42, 87), (42, 114)]
5: [(42, 6), (42, 33), (49, 33), (50, 33), (49, 87)]
6: [(42, 6), (49, 33), (49, 87)]
7: []
8: [(49, 114)]
9: [(49, 60), (49, 114)]
digit_thresholds
0: [0.09072197, 0.09942865, 0.009618121, 0.09989968]
1: []
2: []
3: []
4: [0.000988265, 0.031281658, 0.038596038, 0.031341888]
5: [0.0010757421, 0.0022851378, 0.027119182, 0.09628943, 0.025472257]
6: [0.098411344, 0.08721087, 0.08850847]
7: []
8: [0.07269667]
9: [0.0014087022, 0.09730895]
digit_combined_sorted
0: (42, 5, (42, 6), 0.0010757421)
1: (42, 6, (42, 6), 0.098411344)
2: (49, 4, (49, 6), 0.000988265)
3: (162, 5, (42, 33), 0.0022851378)
4: (169, 5, (49, 33), 0.027119182)
5: (169, 6, (49, 33), 0.08721087)
6: (170, 5, (50, 33), 0.09628943)
7: (282, 4, (42, 60), 0.031281658)
8: (289, 0, (49, 60), 0.09072197)
9: (289, 9, (49, 60), 0.0014087022)
10: (402, 4, (42, 87), 0.038596038)
11: (409, 5, (49, 87), 0.025472257)
12: (409, 6, (49, 87), 0.08850847)
13: (522, 4, (42, 114), 0.031341888)
14: (529, 0, (49, 113), 0.09942865)
15: (529, 0, (49, 114), 0.009618121)
16: (529, 0, (49, 115), 0.09989968)
17: (529, 8, (49, 114), 0.07269667)
18: (529, 9, (49, 114), 0.09730895)

 42 a= 5, dx= 7, dy= 0, pt=(42, 6), t=0.001  [i==0: dx=49, dy=114
 42 a= 6, dx= 0, dy= 0, pt=(42, 6), t=0.098
       6, 0.098 < 5, 0.001
 49 a= 4, dx= 7, dy= 0, pt=(49, 6), t=0.001
current_group= [5, 4]

162 b= 5, dx= 7, dy=27, pt=(42, 33), t=0.002
169 a= 5, dx= 7, dy= 0, pt=(49, 33), t=0.027
169 a= 6, dx= 0, dy= 0, pt=(49, 33), t=0.087
       6, 0.087 < 5, 0.027
170 a= 5, dx= 1, dy= 0, pt=(50, 33), t=0.096
       5, 0.096 < 5, 0.027
current_group= [5, 5]

282 b= 4, dx= 8, dy=27, pt=(42, 60), t=0.031
289 a= 0, dx= 7, dy= 0, pt=(49, 60), t=0.091
289 a= 9, dx= 0, dy= 0, pt=(49, 60), t=0.001
       9, 0.001 < 0, 0.091 replace
current_group= [4, 9]

402 b= 4, dx= 7, dy=27, pt=(42, 87), t=0.039
409 a= 5, dx= 7, dy= 0, pt=(49, 87), t=0.025
409 a= 6, dx= 0, dy= 0, pt=(49, 87), t=0.089
       6, 0.089 < 5, 0.025
current_group= [4, 5]

522 b= 4, dx= 7, dy=27, pt=(42, 114), t=0.031
529 a= 0, dx= 7, dy= 1, pt=(49, 113), t=0.099
529 a= 0, dx= 0, dy= 1, pt=(49, 114), t=0.010
       0, 0.010 < 0, 0.099 replace
529 a= 0, dx= 0, dy= 1, pt=(49, 115), t=0.100
       0, 0.100 < 0, 0.010
529 a= 8, dx= 0, dy= 1, pt=(49, 114), t=0.073
       8, 0.073 < 0, 0.010
529 a= 9, dx= 0, dy= 0, pt=(49, 114), t=0.097
       9, 0.097 < 0, 0.010
current_group~ [4, 0]
highest_threshold:  0.038596038

[[5, 4], [5, 5], [4, 9], [4, 5], [4, 0]]
[54, 55, 49, 45, 40]
2 0.007 (0, 337) heading[2]
3 0.374 (0, 3) heading[3]
4 0.312 (0, 3) heading[4]
5 0.344 (0, 3) heading[5]
0.003 (602, 391) anchor
0 0.392 (0, 274) heading[0]
1 0.375 (0, 107) heading[1]
2 0.007 (0, 107) heading[2]
digit_distance
0: [48, 49, 168, 169, 288, 289, 408, 409, 528, 529]
1: []
2: []
3: []
4: []
5: []
6: []
7: []
8: []
9: []
digit_coordinates
0: [(48, 6), (49, 6), (48, 33), (49, 33), (48, 60), (49, 60), (48, 87), (49, 87), (48, 114), (49, 114)]
1: []
2: []
3: []
4: []
5: []
6: []
7: []
8: []
9: []
digit_thresholds
0: [0.08251337, 0.084998116, 0.073015764, 0.072699115, 0.08321152, 0.085161835, 0.07418928, 0.075568944, 0.08022135, 0.081218414]
1: []
2: []
3: []
4: []
5: []
6: []
7: []
8: []
9: []
digit_combined_sorted
0: (48, 0, (48, 6), 0.08251337)
1: (49, 0, (49, 6), 0.084998116)
2: (168, 0, (48, 33), 0.073015764)
3: (169, 0, (49, 33), 0.072699115)
4: (288, 0, (48, 60), 0.08321152)
5: (289, 0, (49, 60), 0.085161835)
6: (408, 0, (48, 87), 0.07418928)
7: (409, 0, (49, 87), 0.075568944)
8: (528, 0, (48, 114), 0.08022135)
9: (529, 0, (49, 114), 0.081218414)

 48 a= 0, dx= 7, dy= 0, pt=(48, 6), t=0.083  [i==0: dx=49, dy=114
 49 a= 0, dx= 1, dy= 0, pt=(49, 6), t=0.085
       0, 0.085 < 0, 0.083
current_group= [0]

168 b= 0, dx= 1, dy=27, pt=(48, 33), t=0.073
169 a= 0, dx= 1, dy= 0, pt=(49, 33), t=0.073
       0, 0.073 < 0, 0.073 replace
current_group= [0]

288 b= 0, dx= 1, dy=27, pt=(48, 60), t=0.083
289 a= 0, dx= 1, dy= 0, pt=(49, 60), t=0.085
       0, 0.085 < 0, 0.083
current_group= [0]

408 b= 0, dx= 1, dy=27, pt=(48, 87), t=0.074
409 a= 0, dx= 1, dy= 0, pt=(49, 87), t=0.076
       0, 0.076 < 0, 0.074
current_group= [0]

528 b= 0, dx= 1, dy=27, pt=(48, 114), t=0.080
529 a= 0, dx= 1, dy= 0, pt=(49, 114), t=0.081
       0, 0.081 < 0, 0.080
current_group~ [0]
highest_threshold:  0.08321152

[[0], [0], [0], [0], [0]]
[0, 0, 0, 0, 0]
digit_distance
0: [48, 49, 168, 169, 288, 289, 408, 409, 528, 529]
1: []
2: []
3: []
4: []
5: []
6: []
7: []
8: []
9: []
digit_coordinates
0: [(48, 6), (49, 6), (48, 33), (49, 33), (48, 60), (49, 60), (48, 87), (49, 87), (48, 114), (49, 114)]
1: []
2: []
3: []
4: []
5: []
6: []
7: []
8: []
9: []
digit_thresholds
0: [0.08490936, 0.08843219, 0.07517193, 0.07173685, 0.08502599, 0.0854667, 0.07344944, 0.07144816, 0.08362175, 0.08589543]
1: []
2: []
3: []
4: []
5: []
6: []
7: []
8: []
9: []
digit_combined_sorted
0: (48, 0, (48, 6), 0.08490936)
1: (49, 0, (49, 6), 0.08843219)
2: (168, 0, (48, 33), 0.07517193)
3: (169, 0, (49, 33), 0.07173685)
4: (288, 0, (48, 60), 0.08502599)
5: (289, 0, (49, 60), 0.0854667)
6: (408, 0, (48, 87), 0.07344944)
7: (409, 0, (49, 87), 0.07144816)
8: (528, 0, (48, 114), 0.08362175)
9: (529, 0, (49, 114), 0.08589543)

 48 a= 0, dx= 7, dy= 0, pt=(48, 6), t=0.085  [i==0: dx=49, dy=114
 49 a= 0, dx= 1, dy= 0, pt=(49, 6), t=0.088
       0, 0.088 < 0, 0.085
current_group= [0]

168 b= 0, dx= 1, dy=27, pt=(48, 33), t=0.075
169 a= 0, dx= 1, dy= 0, pt=(49, 33), t=0.072
       0, 0.072 < 0, 0.075 replace
current_group= [0]

288 b= 0, dx= 1, dy=27, pt=(48, 60), t=0.085
289 a= 0, dx= 1, dy= 0, pt=(49, 60), t=0.085
       0, 0.085 < 0, 0.085
current_group= [0]

408 b= 0, dx= 1, dy=27, pt=(48, 87), t=0.073
409 a= 0, dx= 1, dy= 0, pt=(49, 87), t=0.071
       0, 0.071 < 0, 0.073 replace
current_group= [0]

528 b= 0, dx= 1, dy=27, pt=(48, 114), t=0.084
529 a= 0, dx= 1, dy= 0, pt=(49, 114), t=0.086
       0, 0.086 < 0, 0.084
current_group~ [0]
highest_threshold:  0.08502599

[[0], [0], [0], [0], [0]]
[0, 0, 0, 0, 0]
3 0.007 (0, 274) heading[3]
4 0.306 (0, 274) heading[4]
5 0.352 (0, 274) heading[5]

city=3, path=[]
0:[418, 71, 472, 50, 76, 420, 263, 45, 122, 57, 1459, 1152, 1491, 1181, 1366, 49, 29, 19, 54, 98]
1:[330, 38, 37, 273, 49, 159, 262, 232, 285, 49, 564, 752, 1173, 585, 1250, 174, 200, 179, 190, 170]
2:[367, 11, 75, 378, 25, 69, 465, 270, 185, 324, 1058, 554, 1399, 670, 1316, 54, 55, 49, 45, 40, 0, 0, 0, 0, 0, 0, 0, 0, 0, 0]
3:[]

(base) D:\Downloads\Forge of Empires\chat_ocr>