
(base) D:\Downloads\Forge of Empires\chat_ocr>python foe6ocr.py

city=0, path=['1\\Screenshot (2374).png']
0.003 (602, 391) anchor
0 0.009 (0, 3) heading[0]
digit_distance
0: [48, 409, 409]
1: [169, 169, 169]
2: [288, 289]
3: [281]
4: [34]
5: [41, 42, 274, 402]
6: [41, 48, 402, 529]
7: [162, 522]
8: [48, 409, 529]
9: [409]
digit_coordinates
0: [(48, 6), (49, 86), (49, 87)]
1: [(49, 32), (49, 33), (49, 34)]
2: [(48, 60), (49, 60)]
3: [(41, 60)]
4: [(34, 6)]
5: [(41, 6), (42, 6), (34, 60), (42, 87)]
6: [(41, 6), (48, 6), (42, 87), (49, 114)]
7: [(42, 33), (42, 114)]
8: [(48, 6), (49, 87), (49, 114)]
9: [(49, 87)]
digit_thresholds
0: [0.08024277, 0.09964056, 0.009305335]
1: [0.07278277, 0.0011856763, 0.07630251]
2: [0.06232513, 0.062010046]
3: [0.009962747]
4: [0.043565314]
5: [0.025432596, 0.091262184, 0.0024807039, 0.0009657948]
6: [0.087018125, 0.08029457, 0.098957464, 0.001199609]
7: [0.039881505, 0.03279719]
8: [0.009641212, 0.07289959, 0.070360094]
9: [0.097764134]
digit_sorted_combined
0: (34, 4, (34, 6), 0.043565314)
1: (41, 5, (41, 6), 0.025432596)
2: (41, 6, (41, 6), 0.087018125)
3: (42, 5, (42, 6), 0.091262184)
4: (48, 0, (48, 6), 0.08024277)
5: (48, 6, (48, 6), 0.08029457)
6: (48, 8, (48, 6), 0.009641212)
7: (162, 7, (42, 33), 0.039881505)
8: (169, 1, (49, 32), 0.07278277)
9: (169, 1, (49, 33), 0.0011856763)
10: (169, 1, (49, 34), 0.07630251)
11: (274, 5, (34, 60), 0.0024807039)
12: (281, 3, (41, 60), 0.009962747)
13: (288, 2, (48, 60), 0.06232513)
14: (289, 2, (49, 60), 0.062010046)
15: (402, 5, (42, 87), 0.0009657948)
16: (402, 6, (42, 87), 0.098957464)
17: (409, 0, (49, 86), 0.09964056)
18: (409, 0, (49, 87), 0.009305335)
19: (409, 8, (49, 87), 0.07289959)
20: (409, 9, (49, 87), 0.097764134)
21: (522, 7, (42, 114), 0.03279719)
22: (529, 6, (49, 114), 0.001199609)
23: (529, 8, (49, 114), 0.070360094)

 34 a= 4, dx= 7, dy= 0, pt=(34, 6), t=0.044
 41 a= 5, dx= 7, dy= 0, pt=(41, 6), t=0.025
 41 a= 6, dx= 0, dy= 0, pt=(41, 6), t=0.087
       6, 0.087 < 5, 0.025
 42 a= 5, dx= 1, dy= 0, pt=(42, 6), t=0.091
       5, 0.091 < 5, 0.025
 48 a= 0, dx= 6, dy= 0, pt=(48, 6), t=0.080
 48 a= 6, dx= 0, dy= 0, pt=(48, 6), t=0.080
       6, 0.080 < 0, 0.080
 48 a= 8, dx= 0, dy= 0, pt=(48, 6), t=0.010
       8, 0.010 < 0, 0.080 replace
current_group= [4, 5, 8]

162 b= 7, dx= 6, dy=27, pt=(42, 33), t=0.040
169 a= 1, dx= 7, dy= 1, pt=(49, 32), t=0.073
169 a= 1, dx= 0, dy= 1, pt=(49, 33), t=0.001
       1, 0.001 < 1, 0.073 replace
169 a= 1, dx= 0, dy= 1, pt=(49, 34), t=0.076
       1, 0.076 < 1, 0.001
current_group= [7, 1]

274 b= 5, dx=15, dy=26, pt=(34, 60), t=0.002
281 a= 3, dx= 7, dy= 0, pt=(41, 60), t=0.010
288 a= 2, dx= 7, dy= 0, pt=(48, 60), t=0.062
289 a= 2, dx= 1, dy= 0, pt=(49, 60), t=0.062
       2, 0.062 < 2, 0.062 replace
current_group= [5, 3, 2]

402 b= 5, dx= 7, dy=27, pt=(42, 87), t=0.001
402 a= 6, dx= 0, dy= 0, pt=(42, 87), t=0.099
       6, 0.099 < 5, 0.001
409 a= 0, dx= 7, dy= 1, pt=(49, 86), t=0.100
409 a= 0, dx= 0, dy= 1, pt=(49, 87), t=0.009
       0, 0.009 < 0, 0.100 replace
409 a= 8, dx= 0, dy= 0, pt=(49, 87), t=0.073
       8, 0.073 < 0, 0.009
409 a= 9, dx= 0, dy= 0, pt=(49, 87), t=0.098
       9, 0.098 < 0, 0.009
current_group= [5, 0]

522 b= 7, dx= 7, dy=27, pt=(42, 114), t=0.033
529 a= 6, dx= 7, dy= 0, pt=(49, 114), t=0.001
529 a= 8, dx= 0, dy= 0, pt=(49, 114), t=0.070
       8, 0.070 < 6, 0.001
current_group~ [7, 6]
highest_threshold:  0.062010046

[[4, 5, 8], [7, 1], [5, 3, 2], [5, 0], [7, 6]]
[458, 71, 532, 50, 76]
digit_distance
0: [161, 161, 529]
1: [48, 48, 394, 393, 394]
2: [401, 402]
3: [153, 154, 408]
4: [34, 168, 282]
5: [522]
6: [41, 289, 529]
7: []
8: [41, 161, 289, 529]
9: [161]
digit_coordinates
0: [(41, 32), (41, 33), (49, 114)]
1: [(48, 6), (48, 7), (34, 86), (33, 87), (34, 87)]
2: [(41, 87), (42, 87)]
3: [(33, 33), (34, 33), (48, 87)]
4: [(34, 6), (48, 33), (42, 60)]
5: [(42, 114)]
6: [(41, 6), (49, 60), (49, 114)]
7: []
8: [(41, 6), (41, 33), (49, 60), (49, 114)]
9: [(41, 33)]
digit_thresholds
0: [0.09972335, 0.009516038, 0.080572255]
1: [0.017689409, 0.09888947, 0.0840872, 0.095946535, 0.033893187]
2: [0.03619158, 0.09903264]
3: [0.050367445, 0.057105638, 0.00080421334]
4: [0.039590172, 0.008513326, 0.03869406]
5: [0.0017184594]
6: [0.0010059254, 0.0009709041, 0.07697584]
7: []
8: [0.06995916, 0.07301226, 0.0705924, 0.0016428103]
9: [0.09856728]
digit_sorted_combined
0: (34, 4, (34, 6), 0.039590172)
1: (41, 6, (41, 6), 0.0010059254)
2: (41, 8, (41, 6), 0.06995916)
3: (48, 1, (48, 6), 0.017689409)
4: (48, 1, (48, 7), 0.09888947)
5: (153, 3, (33, 33), 0.050367445)
6: (154, 3, (34, 33), 0.057105638)
7: (161, 0, (41, 32), 0.09972335)
8: (161, 0, (41, 33), 0.009516038)
9: (161, 8, (41, 33), 0.07301226)
10: (161, 9, (41, 33), 0.09856728)
11: (168, 4, (48, 33), 0.008513326)
12: (282, 4, (42, 60), 0.03869406)
13: (289, 6, (49, 60), 0.0009709041)
14: (289, 8, (49, 60), 0.0705924)
15: (393, 1, (33, 87), 0.095946535)
16: (394, 1, (34, 86), 0.0840872)
17: (394, 1, (34, 87), 0.033893187)
18: (401, 2, (41, 87), 0.03619158)
19: (402, 2, (42, 87), 0.09903264)
20: (408, 3, (48, 87), 0.00080421334)
21: (522, 5, (42, 114), 0.0017184594)
22: (529, 0, (49, 114), 0.080572255)
23: (529, 6, (49, 114), 0.07697584)
24: (529, 8, (49, 114), 0.0016428103)

 34 a= 4, dx= 7, dy= 0, pt=(34, 6), t=0.040
 41 a= 6, dx= 7, dy= 0, pt=(41, 6), t=0.001
 41 a= 8, dx= 0, dy= 0, pt=(41, 6), t=0.070
       8, 0.070 < 6, 0.001
 48 a= 1, dx= 7, dy= 0, pt=(48, 6), t=0.018
 48 a= 1, dx= 0, dy= 1, pt=(48, 7), t=0.099
       1, 0.099 < 1, 0.018
current_group= [4, 6, 1]

153 b= 3, dx=15, dy=26, pt=(33, 33), t=0.050
154 a= 3, dx= 1, dy= 0, pt=(34, 33), t=0.057
       3, 0.057 < 3, 0.050
161 a= 0, dx= 7, dy= 1, pt=(41, 32), t=0.100
161 a= 0, dx= 0, dy= 1, pt=(41, 33), t=0.010
       0, 0.010 < 0, 0.100 replace
161 a= 8, dx= 0, dy= 0, pt=(41, 33), t=0.073
       8, 0.073 < 0, 0.010
161 a= 9, dx= 0, dy= 0, pt=(41, 33), t=0.099
       9, 0.099 < 0, 0.010
168 a= 4, dx= 7, dy= 0, pt=(48, 33), t=0.009
current_group= [3, 0, 4]

282 b= 4, dx= 6, dy=27, pt=(42, 60), t=0.039
289 a= 6, dx= 7, dy= 0, pt=(49, 60), t=0.001
289 a= 8, dx= 0, dy= 0, pt=(49, 60), t=0.071
       8, 0.071 < 6, 0.001
current_group= [4, 6]

393 b= 1, dx=16, dy=27, pt=(33, 87), t=0.096
394 a= 1, dx= 1, dy= 1, pt=(34, 86), t=0.084
       1, 0.084 < 1, 0.096 replace
394 a= 1, dx= 0, dy= 1, pt=(34, 87), t=0.034
       1, 0.034 < 1, 0.084 replace
401 a= 2, dx= 7, dy= 0, pt=(41, 87), t=0.036
402 a= 2, dx= 1, dy= 0, pt=(42, 87), t=0.099
       2, 0.099 < 2, 0.036
408 a= 3, dx= 6, dy= 0, pt=(48, 87), t=0.001
current_group= [1, 2, 3]

522 b= 5, dx= 6, dy=27, pt=(42, 114), t=0.002
529 a= 0, dx= 7, dy= 0, pt=(49, 114), t=0.081
529 a= 6, dx= 0, dy= 0, pt=(49, 114), t=0.077
       6, 0.077 < 0, 0.081 replace
529 a= 8, dx= 0, dy= 0, pt=(49, 114), t=0.002
       8, 0.002 < 6, 0.077 replace
current_group~ [5, 8]
highest_threshold:  0.050367445

[[4, 6, 1], [3, 0, 4], [4, 6], [1, 2, 3], [5, 8]]
[461, 304, 46, 123, 58]
1 0.006 (0, 170) heading[1]
digit_distance
0: [41, 288, 400, 401, 528]
1: [23, 22, 23, 143, 153, 154, 263, 263, 408, 383, 408, 408, 503, 503]
2: [394]
3: [48, 280, 281]
4: [33, 34, 521]
5: [274, 528]
6: [288, 528]
7: [168]
8: [41, 288, 513, 514, 528]
9: [160, 161]
digit_coordinates
0: [(41, 6), (48, 60), (40, 87), (41, 87), (48, 114)]
1: [(23, 5), (22, 6), (23, 6), (23, 33), (33, 33), (34, 33), (23, 59), (23, 60), (48, 86), (23, 87), (48, 87), (48, 88), (23, 113), (23, 114)]
2: [(34, 87)]
3: [(48, 6), (40, 60), (41, 60)]
4: [(33, 6), (34, 6), (41, 114)]
5: [(34, 60), (48, 114)]
6: [(48, 60), (48, 114)]
7: [(48, 33)]
8: [(41, 6), (48, 60), (33, 114), (34, 114), (48, 114)]
9: [(40, 33), (41, 33)]
digit_thresholds
0: [0.09710319, 0.07028123, 0.08124653, 0.08515351, 0.08875191]
1: [0.08520042, 0.09991986, 0.033059504, 0.040142752, 0.079875916, 0.078765884, 0.084844865, 0.031725332, 0.09065545, 0.040085807, 0.003805933, 0.094758265, 0.08357525, 0.03060695]
2: [0.009119946]
3: [0.009089091, 0.048064318, 0.058160163]
4: [0.057494584, 0.058105286, 0.032776777]
5: [0.0062977294, 0.09546675]
6: [0.07838911, 0.005568316]
7: [0.0021639764]
8: [0.027503643, 0.0013944575, 0.06035165, 0.05963981, 0.05836113]
9: [0.099031515, 0.026774239]
digit_sorted_combined
0: (22, 1, (22, 6), 0.09991986)
1: (23, 1, (23, 5), 0.08520042)
2: (23, 1, (23, 6), 0.033059504)
3: (33, 4, (33, 6), 0.057494584)
4: (34, 4, (34, 6), 0.058105286)
5: (41, 0, (41, 6), 0.09710319)
6: (41, 8, (41, 6), 0.027503643)
7: (48, 3, (48, 6), 0.009089091)
8: (143, 1, (23, 33), 0.040142752)
9: (153, 1, (33, 33), 0.079875916)
10: (154, 1, (34, 33), 0.078765884)
11: (160, 9, (40, 33), 0.099031515)
12: (161, 9, (41, 33), 0.026774239)
13: (168, 7, (48, 33), 0.0021639764)
14: (263, 1, (23, 59), 0.084844865)
15: (263, 1, (23, 60), 0.031725332)
16: (274, 5, (34, 60), 0.0062977294)
17: (280, 3, (40, 60), 0.048064318)
18: (281, 3, (41, 60), 0.058160163)
19: (288, 0, (48, 60), 0.07028123)
20: (288, 6, (48, 60), 0.07838911)
21: (288, 8, (48, 60), 0.0013944575)
22: (383, 1, (23, 87), 0.040085807)
23: (394, 2, (34, 87), 0.009119946)
24: (400, 0, (40, 87), 0.08124653)
25: (401, 0, (41, 87), 0.08515351)
26: (408, 1, (48, 86), 0.09065545)
27: (408, 1, (48, 87), 0.003805933)
28: (408, 1, (48, 88), 0.094758265)
29: (503, 1, (23, 113), 0.08357525)
30: (503, 1, (23, 114), 0.03060695)
31: (513, 8, (33, 114), 0.06035165)
32: (514, 8, (34, 114), 0.05963981)
33: (521, 4, (41, 114), 0.032776777)
34: (528, 0, (48, 114), 0.08875191)
35: (528, 5, (48, 114), 0.09546675)
36: (528, 6, (48, 114), 0.005568316)
37: (528, 8, (48, 114), 0.05836113)

 22 a= 1, dx= 7, dy= 0, pt=(22, 6), t=0.100
 23 a= 1, dx= 1, dy= 1, pt=(23, 5), t=0.085
       1, 0.085 < 1, 0.100 replace
 23 a= 1, dx= 0, dy= 1, pt=(23, 6), t=0.033
       1, 0.033 < 1, 0.085 replace
 33 a= 4, dx=10, dy= 0, pt=(33, 6), t=0.057
 34 a= 4, dx= 1, dy= 0, pt=(34, 6), t=0.058
       4, 0.058 < 4, 0.057
 41 a= 0, dx= 7, dy= 0, pt=(41, 6), t=0.097
 41 a= 8, dx= 0, dy= 0, pt=(41, 6), t=0.028
       8, 0.028 < 0, 0.097 replace
 48 a= 3, dx= 7, dy= 0, pt=(48, 6), t=0.009
current_group= [1, 4, 8, 3]

143 b= 1, dx=25, dy=27, pt=(23, 33), t=0.040
153 a= 1, dx=10, dy= 0, pt=(33, 33), t=0.080
154 a= 1, dx= 1, dy= 0, pt=(34, 33), t=0.079
       1, 0.079 < 1, 0.080 replace
160 a= 9, dx= 6, dy= 0, pt=(40, 33), t=0.099
161 a= 9, dx= 1, dy= 0, pt=(41, 33), t=0.027
       9, 0.027 < 9, 0.099 replace
168 a= 7, dx= 7, dy= 0, pt=(48, 33), t=0.002
current_group= [1, 1, 9, 7]

263 b= 1, dx=25, dy=26, pt=(23, 59), t=0.085
263 a= 1, dx= 0, dy= 1, pt=(23, 60), t=0.032
       1, 0.032 < 1, 0.085 replace
274 a= 5, dx=11, dy= 0, pt=(34, 60), t=0.006
280 a= 3, dx= 6, dy= 0, pt=(40, 60), t=0.048
281 a= 3, dx= 1, dy= 0, pt=(41, 60), t=0.058
       3, 0.058 < 3, 0.048
288 a= 0, dx= 7, dy= 0, pt=(48, 60), t=0.070
288 a= 6, dx= 0, dy= 0, pt=(48, 60), t=0.078
       6, 0.078 < 0, 0.070
288 a= 8, dx= 0, dy= 0, pt=(48, 60), t=0.001
       8, 0.001 < 0, 0.070 replace
current_group= [1, 5, 3, 8]

383 b= 1, dx=25, dy=27, pt=(23, 87), t=0.040
394 a= 2, dx=11, dy= 0, pt=(34, 87), t=0.009
400 a= 0, dx= 6, dy= 0, pt=(40, 87), t=0.081
401 a= 0, dx= 1, dy= 0, pt=(41, 87), t=0.085
       0, 0.085 < 0, 0.081
408 a= 1, dx= 7, dy= 1, pt=(48, 86), t=0.091
408 a= 1, dx= 0, dy= 1, pt=(48, 87), t=0.004
       1, 0.004 < 1, 0.091 replace
408 a= 1, dx= 0, dy= 1, pt=(48, 88), t=0.095
       1, 0.095 < 1, 0.004
current_group= [1, 2, 0, 1]

503 b= 1, dx=25, dy=25, pt=(23, 113), t=0.084
503 a= 1, dx= 0, dy= 1, pt=(23, 114), t=0.031
       1, 0.031 < 1, 0.084 replace
513 a= 8, dx=10, dy= 0, pt=(33, 114), t=0.060
514 a= 8, dx= 1, dy= 0, pt=(34, 114), t=0.060
       8, 0.060 < 8, 0.060 replace
521 a= 4, dx= 7, dy= 0, pt=(41, 114), t=0.033
528 a= 0, dx= 7, dy= 0, pt=(48, 114), t=0.089
528 a= 5, dx= 0, dy= 0, pt=(48, 114), t=0.095
       5, 0.095 < 0, 0.089
528 a= 6, dx= 0, dy= 0, pt=(48, 114), t=0.006
       6, 0.006 < 0, 0.089 replace
528 a= 8, dx= 0, dy= 0, pt=(48, 114), t=0.058
       8, 0.058 < 6, 0.006
current_group~ [1, 8, 4, 6]
highest_threshold:  0.08124653

[[1, 4, 8, 3], [1, 1, 9, 7], [1, 5, 3, 8], [1, 2, 0, 1], [1, 8, 4, 6]]
[1483, 1197, 1538, 1201, 1846]
digit_distance
0: [49, 289, 521]
1: [282, 282, 514, 513, 514]
2: []
3: [161, 162]
4: [42, 409, 528]
5: [169, 170, 402]
6: [169]
7: []
8: [521]
9: [49, 289, 521]
digit_coordinates
0: [(49, 6), (49, 60), (41, 114)]
1: [(42, 59), (42, 60), (34, 113), (33, 114), (34, 114)]
2: []
3: [(41, 33), (42, 33)]
4: [(42, 6), (49, 87), (48, 114)]
5: [(49, 33), (50, 33), (42, 87)]
6: [(49, 33)]
7: []
8: [(41, 114)]
9: [(49, 6), (49, 60), (41, 114)]
digit_thresholds
0: [0.09206886, 0.09072215, 0.009596832]
1: [0.08335526, 0.030808356, 0.082558796, 0.09987951, 0.03201066]
2: []
3: [0.05904453, 0.0630025]
4: [0.03139879, 0.0019059345, 0.008570083]
5: [0.02711958, 0.09628964, 0.003009985]
6: [0.08721087]
7: []
8: [0.073298484]
9: [0.0012863557, 0.0014087022, 0.097657785]
digit_sorted_combined
0: (42, 4, (42, 6), 0.03139879)
1: (49, 0, (49, 6), 0.09206886)
2: (49, 9, (49, 6), 0.0012863557)
3: (161, 3, (41, 33), 0.05904453)
4: (162, 3, (42, 33), 0.0630025)
5: (169, 5, (49, 33), 0.02711958)
6: (169, 6, (49, 33), 0.08721087)
7: (170, 5, (50, 33), 0.09628964)
8: (282, 1, (42, 59), 0.08335526)
9: (282, 1, (42, 60), 0.030808356)
10: (289, 0, (49, 60), 0.09072215)
11: (289, 9, (49, 60), 0.0014087022)
12: (402, 5, (42, 87), 0.003009985)
13: (409, 4, (49, 87), 0.0019059345)
14: (513, 1, (33, 114), 0.09987951)
15: (514, 1, (34, 113), 0.082558796)
16: (514, 1, (34, 114), 0.03201066)
17: (521, 0, (41, 114), 0.009596832)
18: (521, 8, (41, 114), 0.073298484)
19: (521, 9, (41, 114), 0.097657785)
20: (528, 4, (48, 114), 0.008570083)

 42 a= 4, dx= 7, dy= 0, pt=(42, 6), t=0.031
 49 a= 0, dx= 7, dy= 0, pt=(49, 6), t=0.092
 49 a= 9, dx= 0, dy= 0, pt=(49, 6), t=0.001
       9, 0.001 < 0, 0.092 replace
current_group= [4, 9]

161 b= 3, dx= 8, dy=27, pt=(41, 33), t=0.059
162 a= 3, dx= 1, dy= 0, pt=(42, 33), t=0.063
       3, 0.063 < 3, 0.059
169 a= 5, dx= 7, dy= 0, pt=(49, 33), t=0.027
169 a= 6, dx= 0, dy= 0, pt=(49, 33), t=0.087
       6, 0.087 < 5, 0.027
170 a= 5, dx= 1, dy= 0, pt=(50, 33), t=0.096
       5, 0.096 < 5, 0.027
current_group= [3, 5]

282 b= 1, dx= 8, dy=26, pt=(42, 59), t=0.083
282 a= 1, dx= 0, dy= 1, pt=(42, 60), t=0.031
       1, 0.031 < 1, 0.083 replace
289 a= 0, dx= 7, dy= 0, pt=(49, 60), t=0.091
289 a= 9, dx= 0, dy= 0, pt=(49, 60), t=0.001
       9, 0.001 < 0, 0.091 replace
current_group= [1, 9]

402 b= 5, dx= 7, dy=27, pt=(42, 87), t=0.003
409 a= 4, dx= 7, dy= 0, pt=(49, 87), t=0.002
current_group= [5, 4]

513 b= 1, dx=16, dy=27, pt=(33, 114), t=0.100
514 a= 1, dx= 1, dy= 1, pt=(34, 113), t=0.083
       1, 0.083 < 1, 0.100 replace
514 a= 1, dx= 0, dy= 1, pt=(34, 114), t=0.032
       1, 0.032 < 1, 0.083 replace
521 a= 0, dx= 7, dy= 0, pt=(41, 114), t=0.010
521 a= 8, dx= 0, dy= 0, pt=(41, 114), t=0.073
       8, 0.073 < 0, 0.010
521 a= 9, dx= 0, dy= 0, pt=(41, 114), t=0.098
       9, 0.098 < 0, 0.010
528 a= 4, dx= 7, dy= 0, pt=(48, 114), t=0.009
current_group~ [1, 0, 4]
highest_threshold:  0.05904453

[[4, 9], [3, 5], [1, 9], [5, 4], [1, 0, 4]]
[49, 35, 19, 54, 104]
2 0.007 (0, 337) heading[2]
3 0.374 (0, 3) heading[3]
4 0.312 (0, 3) heading[4]
5 0.344 (0, 3) heading[5]

city=1, path=['2\\Screenshot (2375).png']
0.003 (602, 391) anchor
0 0.009 (0, 3) heading[0]
digit_distance
0: [48, 169]
1: []
2: [394]
3: [33, 34, 41, 161, 162, 281, 282, 408]
4: [522]
5: []
6: [169]
7: [289, 401]
8: [48, 169]
9: [529]
digit_coordinates
0: [(48, 6), (49, 33)]
1: []
2: [(34, 87)]
3: [(33, 6), (34, 6), (41, 6), (41, 33), (42, 33), (41, 60), (42, 60), (48, 87)]
4: [(42, 114)]
5: []
6: [(49, 33)]
7: [(49, 60), (41, 87)]
8: [(48, 6), (49, 33)]
9: [(49, 114)]
digit_thresholds
0: [0.0015364314, 0.07085894]
1: []
2: [0.009185802]
3: [0.06071981, 0.06560788, 0.008749498, 0.050693803, 0.056396116, 0.059586924, 0.06467702, 0.0010657919]
4: [0.040243905]
5: []
6: [0.07820219]
7: [0.0014256368, 0.00946452]
8: [0.07766499, 0.0011537954]
9: [0.0012839807]
digit_sorted_combined
0: (33, 3, (33, 6), 0.06071981)
1: (34, 3, (34, 6), 0.06560788)
2: (41, 3, (41, 6), 0.008749498)
3: (48, 0, (48, 6), 0.0015364314)
4: (48, 8, (48, 6), 0.07766499)
5: (161, 3, (41, 33), 0.050693803)
6: (162, 3, (42, 33), 0.056396116)
7: (169, 0, (49, 33), 0.07085894)
8: (169, 6, (49, 33), 0.07820219)
9: (169, 8, (49, 33), 0.0011537954)
10: (281, 3, (41, 60), 0.059586924)
11: (282, 3, (42, 60), 0.06467702)
12: (289, 7, (49, 60), 0.0014256368)
13: (394, 2, (34, 87), 0.009185802)
14: (401, 7, (41, 87), 0.00946452)
15: (408, 3, (48, 87), 0.0010657919)
16: (522, 4, (42, 114), 0.040243905)
17: (529, 9, (49, 114), 0.0012839807)

 33 a= 3, dx= 7, dy= 0, pt=(33, 6), t=0.061
 34 a= 3, dx= 1, dy= 0, pt=(34, 6), t=0.066
       3, 0.066 < 3, 0.061
 41 a= 3, dx= 7, dy= 0, pt=(41, 6), t=0.009
 48 a= 0, dx= 7, dy= 0, pt=(48, 6), t=0.002
 48 a= 8, dx= 0, dy= 0, pt=(48, 6), t=0.078
       8, 0.078 < 0, 0.002
current_group= [3, 3, 0]

161 b= 3, dx= 7, dy=27, pt=(41, 33), t=0.051
162 a= 3, dx= 1, dy= 0, pt=(42, 33), t=0.056
       3, 0.056 < 3, 0.051
169 a= 0, dx= 7, dy= 0, pt=(49, 33), t=0.071
169 a= 6, dx= 0, dy= 0, pt=(49, 33), t=0.078
       6, 0.078 < 0, 0.071
169 a= 8, dx= 0, dy= 0, pt=(49, 33), t=0.001
       8, 0.001 < 0, 0.071 replace
current_group= [3, 8]

281 b= 3, dx= 8, dy=27, pt=(41, 60), t=0.060
282 a= 3, dx= 1, dy= 0, pt=(42, 60), t=0.065
       3, 0.065 < 3, 0.060
289 a= 7, dx= 7, dy= 0, pt=(49, 60), t=0.001
current_group= [3, 7]

394 b= 2, dx=15, dy=27, pt=(34, 87), t=0.009
401 a= 7, dx= 7, dy= 0, pt=(41, 87), t=0.009
408 a= 3, dx= 7, dy= 0, pt=(48, 87), t=0.001
current_group= [2, 7, 3]

522 b= 4, dx= 6, dy=27, pt=(42, 114), t=0.040
529 a= 9, dx= 7, dy= 0, pt=(49, 114), t=0.001
current_group~ [4, 9]
highest_threshold:  0.06071981

[[3, 3, 0], [3, 8], [3, 7], [2, 7, 3], [4, 9]]
[330, 38, 37, 273, 49]
digit_distance
0: [48, 161, 401, 408, 529]
1: [34, 34]
2: [154, 274, 394]
3: [168, 281, 288]
4: []
5: [161, 409, 522]
6: [41, 161, 401, 408]
7: []
8: [41, 48, 161, 401, 408, 529]
9: []
digit_coordinates
0: [(48, 6), (41, 33), (41, 87), (48, 87), (49, 114)]
1: [(34, 5), (34, 6)]
2: [(34, 33), (34, 60), (34, 87)]
3: [(48, 33), (41, 60), (48, 60)]
4: []
5: [(41, 33), (49, 87), (42, 114)]
6: [(41, 6), (41, 33), (41, 87), (48, 87)]
7: []
8: [(41, 6), (48, 6), (41, 33), (41, 87), (48, 87), (49, 114)]
9: []
digit_thresholds
0: [0.0013468915, 0.09116512, 0.071100295, 0.09177024, 0.0116599025]
1: [0.09947479, 0.038176022]
2: [0.008662877, 0.0024395532, 0.01024303]
3: [0.0012829426, 0.009138954, 0.002752354]
4: []
5: [0.096354015, 0.09565563, 0.0017186585]
6: [0.0010061128, 0.005733948, 0.0784629, 0.012322483]
7: []
8: [0.069958985, 0.07644821, 0.05993244, 0.0011675102, 0.06789755, 0.08357445]
9: []
digit_sorted_combined
0: (34, 1, (34, 5), 0.09947479)
1: (34, 1, (34, 6), 0.038176022)
2: (41, 6, (41, 6), 0.0010061128)
3: (41, 8, (41, 6), 0.069958985)
4: (48, 0, (48, 6), 0.0013468915)
5: (48, 8, (48, 6), 0.07644821)
6: (154, 2, (34, 33), 0.008662877)
7: (161, 0, (41, 33), 0.09116512)
8: (161, 5, (41, 33), 0.096354015)
9: (161, 6, (41, 33), 0.005733948)
10: (161, 8, (41, 33), 0.05993244)
11: (168, 3, (48, 33), 0.0012829426)
12: (274, 2, (34, 60), 0.0024395532)
13: (281, 3, (41, 60), 0.009138954)
14: (288, 3, (48, 60), 0.002752354)
15: (394, 2, (34, 87), 0.01024303)
16: (401, 0, (41, 87), 0.071100295)
17: (401, 6, (41, 87), 0.0784629)
18: (401, 8, (41, 87), 0.0011675102)
19: (408, 0, (48, 87), 0.09177024)
20: (408, 6, (48, 87), 0.012322483)
21: (408, 8, (48, 87), 0.06789755)
22: (409, 5, (49, 87), 0.09565563)
23: (522, 5, (42, 114), 0.0017186585)
24: (529, 0, (49, 114), 0.0116599025)
25: (529, 8, (49, 114), 0.08357445)

 34 a= 1, dx= 7, dy= 0, pt=(34, 5), t=0.099
 34 a= 1, dx= 0, dy= 1, pt=(34, 6), t=0.038
       1, 0.038 < 1, 0.099 replace
 41 a= 6, dx= 7, dy= 0, pt=(41, 6), t=0.001
 41 a= 8, dx= 0, dy= 0, pt=(41, 6), t=0.070
       8, 0.070 < 6, 0.001
 48 a= 0, dx= 7, dy= 0, pt=(48, 6), t=0.001
 48 a= 8, dx= 0, dy= 0, pt=(48, 6), t=0.076
       8, 0.076 < 0, 0.001
current_group= [1, 6, 0]

154 b= 2, dx=14, dy=27, pt=(34, 33), t=0.009
161 a= 0, dx= 7, dy= 0, pt=(41, 33), t=0.091
161 a= 5, dx= 0, dy= 0, pt=(41, 33), t=0.096
       5, 0.096 < 0, 0.091
161 a= 6, dx= 0, dy= 0, pt=(41, 33), t=0.006
       6, 0.006 < 0, 0.091 replace
161 a= 8, dx= 0, dy= 0, pt=(41, 33), t=0.060
       8, 0.060 < 6, 0.006
168 a= 3, dx= 7, dy= 0, pt=(48, 33), t=0.001
current_group= [2, 6, 3]

274 b= 2, dx=14, dy=27, pt=(34, 60), t=0.002
281 a= 3, dx= 7, dy= 0, pt=(41, 60), t=0.009
288 a= 3, dx= 7, dy= 0, pt=(48, 60), t=0.003
current_group= [2, 3, 3]

394 b= 2, dx=14, dy=27, pt=(34, 87), t=0.010
401 a= 0, dx= 7, dy= 0, pt=(41, 87), t=0.071
401 a= 6, dx= 0, dy= 0, pt=(41, 87), t=0.078
       6, 0.078 < 0, 0.071
401 a= 8, dx= 0, dy= 0, pt=(41, 87), t=0.001
       8, 0.001 < 0, 0.071 replace
408 a= 0, dx= 7, dy= 0, pt=(48, 87), t=0.092
408 a= 6, dx= 0, dy= 0, pt=(48, 87), t=0.012
       6, 0.012 < 0, 0.092 replace
408 a= 8, dx= 0, dy= 0, pt=(48, 87), t=0.068
       8, 0.068 < 6, 0.012
409 a= 5, dx= 1, dy= 0, pt=(49, 87), t=0.096
       5, 0.096 < 6, 0.012
current_group= [2, 8, 6]

522 b= 5, dx= 7, dy=27, pt=(42, 114), t=0.002
529 a= 0, dx= 7, dy= 0, pt=(49, 114), t=0.012
529 a= 8, dx= 0, dy= 0, pt=(49, 114), t=0.084
       8, 0.084 < 0, 0.012
current_group~ [5, 0]
highest_threshold:  0.038176022

[[1, 6, 0], [2, 6, 3], [2, 3, 3], [2, 8, 6], [5, 0]]
[160, 263, 233, 286, 50]
1 0.006 (0, 170) heading[1]
digit_distance
0: [48, 48, 48, 161, 168, 281, 288, 513]
1: [263, 263, 273, 274, 408, 408, 503, 503]
2: [401]
3: []
4: []
5: [34, 394]
6: [34, 161, 168, 394]
7: [41, 154, 528]
8: [48, 161, 168, 281, 394, 513]
9: [48, 288, 520, 521]
digit_coordinates
0: [(48, 5), (48, 6), (48, 7), (41, 33), (48, 33), (41, 60), (48, 60), (33, 114)]
1: [(23, 59), (23, 60), (33, 60), (34, 60), (48, 87), (48, 88), (23, 113), (23, 114)]
2: [(41, 87)]
3: []
4: []
5: [(34, 6), (34, 87)]
6: [(34, 6), (41, 33), (48, 33), (34, 87)]
7: [(41, 6), (34, 33), (48, 114)]
8: [(48, 6), (41, 33), (48, 33), (41, 60), (34, 87), (33, 114)]
9: [(48, 6), (48, 60), (40, 114), (41, 114)]
digit_thresholds
0: [0.09301275, 0.00092251954, 0.09219837, 0.076308206, 0.078062296, 0.09701431, 0.0890408, 0.03250824]
1: [0.084845126, 0.031725332, 0.06279901, 0.071391776, 0.016839318, 0.09910795, 0.08357525, 0.03060695]
2: [0.031074993]
3: []
4: []
5: [0.0012132634, 0.07157183]
6: [0.099339046, 0.07624913, 0.07997954, 0.027854966]
7: [0.007961947, 0.032285064, 0.009561499]
8: [0.06828592, 0.0007249812, 0.009144272, 0.027614357, 0.08185635, 0.09433482]
9: [0.09523443, 0.0019115867, 0.0892088, 0.024843173]
digit_sorted_combined
0: (34, 5, (34, 6), 0.0012132634)
1: (34, 6, (34, 6), 0.099339046)
2: (41, 7, (41, 6), 0.007961947)
3: (48, 0, (48, 5), 0.09301275)
4: (48, 0, (48, 6), 0.00092251954)
5: (48, 0, (48, 7), 0.09219837)
6: (48, 8, (48, 6), 0.06828592)
7: (48, 9, (48, 6), 0.09523443)
8: (154, 7, (34, 33), 0.032285064)
9: (161, 0, (41, 33), 0.076308206)
10: (161, 6, (41, 33), 0.07624913)
11: (161, 8, (41, 33), 0.0007249812)
12: (168, 0, (48, 33), 0.078062296)
13: (168, 6, (48, 33), 0.07997954)
14: (168, 8, (48, 33), 0.009144272)
15: (263, 1, (23, 59), 0.084845126)
16: (263, 1, (23, 60), 0.031725332)
17: (273, 1, (33, 60), 0.06279901)
18: (274, 1, (34, 60), 0.071391776)
19: (281, 0, (41, 60), 0.09701431)
20: (281, 8, (41, 60), 0.027614357)
21: (288, 0, (48, 60), 0.0890408)
22: (288, 9, (48, 60), 0.0019115867)
23: (394, 5, (34, 87), 0.07157183)
24: (394, 6, (34, 87), 0.027854966)
25: (394, 8, (34, 87), 0.08185635)
26: (401, 2, (41, 87), 0.031074993)
27: (408, 1, (48, 87), 0.016839318)
28: (408, 1, (48, 88), 0.09910795)
29: (503, 1, (23, 113), 0.08357525)
30: (503, 1, (23, 114), 0.03060695)
31: (513, 0, (33, 114), 0.03250824)
32: (513, 8, (33, 114), 0.09433482)
33: (520, 9, (40, 114), 0.0892088)
34: (521, 9, (41, 114), 0.024843173)
35: (528, 7, (48, 114), 0.009561499)

 34 a= 5, dx= 7, dy= 0, pt=(34, 6), t=0.001
 34 a= 6, dx= 0, dy= 0, pt=(34, 6), t=0.099
       6, 0.099 < 5, 0.001
 41 a= 7, dx= 7, dy= 0, pt=(41, 6), t=0.008
 48 a= 0, dx= 7, dy= 1, pt=(48, 5), t=0.093
 48 a= 0, dx= 0, dy= 1, pt=(48, 6), t=0.001
       0, 0.001 < 0, 0.093 replace
 48 a= 0, dx= 0, dy= 1, pt=(48, 7), t=0.092
       0, 0.092 < 0, 0.001
 48 a= 8, dx= 0, dy= 1, pt=(48, 6), t=0.068
       8, 0.068 < 0, 0.001
 48 a= 9, dx= 0, dy= 0, pt=(48, 6), t=0.095
       9, 0.095 < 0, 0.001
current_group= [5, 7, 0]

154 b= 7, dx=14, dy=27, pt=(34, 33), t=0.032
161 a= 0, dx= 7, dy= 0, pt=(41, 33), t=0.076
161 a= 6, dx= 0, dy= 0, pt=(41, 33), t=0.076
       6, 0.076 < 0, 0.076 replace
161 a= 8, dx= 0, dy= 0, pt=(41, 33), t=0.001
       8, 0.001 < 6, 0.076 replace
168 a= 0, dx= 7, dy= 0, pt=(48, 33), t=0.078
168 a= 6, dx= 0, dy= 0, pt=(48, 33), t=0.080
       6, 0.080 < 0, 0.078
168 a= 8, dx= 0, dy= 0, pt=(48, 33), t=0.009
       8, 0.009 < 0, 0.078 replace
current_group= [7, 8, 8]

263 b= 1, dx=25, dy=26, pt=(23, 59), t=0.085
263 a= 1, dx= 0, dy= 1, pt=(23, 60), t=0.032
       1, 0.032 < 1, 0.085 replace
273 a= 1, dx=10, dy= 0, pt=(33, 60), t=0.063
274 a= 1, dx= 1, dy= 0, pt=(34, 60), t=0.071
       1, 0.071 < 1, 0.063
281 a= 0, dx= 7, dy= 0, pt=(41, 60), t=0.097
281 a= 8, dx= 0, dy= 0, pt=(41, 60), t=0.028
       8, 0.028 < 0, 0.097 replace
288 a= 0, dx= 7, dy= 0, pt=(48, 60), t=0.089
288 a= 9, dx= 0, dy= 0, pt=(48, 60), t=0.002
       9, 0.002 < 0, 0.089 replace
current_group= [1, 1, 8, 9]

394 b= 5, dx=14, dy=27, pt=(34, 87), t=0.072
394 a= 6, dx= 0, dy= 0, pt=(34, 87), t=0.028
       6, 0.028 < 5, 0.072 replace
394 a= 8, dx= 0, dy= 0, pt=(34, 87), t=0.082
       8, 0.082 < 6, 0.028
401 a= 2, dx= 7, dy= 0, pt=(41, 87), t=0.031
408 a= 1, dx= 7, dy= 0, pt=(48, 87), t=0.017
408 a= 1, dx= 0, dy= 1, pt=(48, 88), t=0.099
       1, 0.099 < 1, 0.017
current_group= [6, 2, 1]

503 b= 1, dx=25, dy=25, pt=(23, 113), t=0.084
503 a= 1, dx= 0, dy= 1, pt=(23, 114), t=0.031
       1, 0.031 < 1, 0.084 replace
513 a= 0, dx=10, dy= 0, pt=(33, 114), t=0.033
513 a= 8, dx= 0, dy= 0, pt=(33, 114), t=0.094
       8, 0.094 < 0, 0.033
520 a= 9, dx= 7, dy= 0, pt=(40, 114), t=0.089
521 a= 9, dx= 1, dy= 0, pt=(41, 114), t=0.025
       9, 0.025 < 9, 0.089 replace
528 a= 7, dx= 7, dy= 0, pt=(48, 114), t=0.010
current_group~ [1, 0, 9, 7]
highest_threshold:  0.06279901

[[5, 7, 0], [7, 8, 8], [1, 1, 8, 9], [6, 2, 1], [1, 0, 9, 7]]
[570, 788, 1189, 621, 1097]
digit_distance
0: [161, 168, 288, 408, 528, 528, 528]
1: [34, 33, 34, 274, 274, 394, 514, 513, 514]
2: [154]
3: []
4: [48]
5: []
6: []
7: [41, 281, 521]
8: [161, 168, 408, 528]
9: [288, 401, 528]
digit_coordinates
0: [(41, 33), (48, 33), (48, 60), (48, 87), (48, 113), (48, 114), (48, 115)]
1: [(34, 5), (33, 6), (34, 6), (34, 59), (34, 60), (34, 87), (34, 113), (33, 114), (34, 114)]
2: [(34, 33)]
3: []
4: [(48, 6)]
5: []
6: []
7: [(41, 6), (41, 60), (41, 114)]
8: [(41, 33), (48, 33), (48, 87), (48, 114)]
9: [(48, 60), (41, 87), (48, 114)]
digit_thresholds
0: [0.012272871, 0.001946869, 0.0929166, 0.0014449009, 0.0933565, 0.0009502664, 0.093179666]
1: [0.08626024, 0.09643639, 0.034031004, 0.08153094, 0.03128667, 0.040679984, 0.08255906, 0.099879384, 0.03201066]
2: [0.0027144]
3: []
4: [0.009164696]
5: []
6: []
7: [0.009990281, 0.009886705, 0.008732867]
8: [0.0823007, 0.07918137, 0.07654362, 0.068596415]
9: [0.007052924, 0.0014288482, 0.09416877]
digit_sorted_combined
0: (33, 1, (33, 6), 0.09643639)
1: (34, 1, (34, 5), 0.08626024)
2: (34, 1, (34, 6), 0.034031004)
3: (41, 7, (41, 6), 0.009990281)
4: (48, 4, (48, 6), 0.009164696)
5: (154, 2, (34, 33), 0.0027144)
6: (161, 0, (41, 33), 0.012272871)
7: (161, 8, (41, 33), 0.0823007)
8: (168, 0, (48, 33), 0.001946869)
9: (168, 8, (48, 33), 0.07918137)
10: (274, 1, (34, 59), 0.08153094)
11: (274, 1, (34, 60), 0.03128667)
12: (281, 7, (41, 60), 0.009886705)
13: (288, 0, (48, 60), 0.0929166)
14: (288, 9, (48, 60), 0.007052924)
15: (394, 1, (34, 87), 0.040679984)
16: (401, 9, (41, 87), 0.0014288482)
17: (408, 0, (48, 87), 0.0014449009)
18: (408, 8, (48, 87), 0.07654362)
19: (513, 1, (33, 114), 0.099879384)
20: (514, 1, (34, 113), 0.08255906)
21: (514, 1, (34, 114), 0.03201066)
22: (521, 7, (41, 114), 0.008732867)
23: (528, 0, (48, 113), 0.0933565)
24: (528, 0, (48, 114), 0.0009502664)
25: (528, 0, (48, 115), 0.093179666)
26: (528, 8, (48, 114), 0.068596415)
27: (528, 9, (48, 114), 0.09416877)

 33 a= 1, dx= 7, dy= 0, pt=(33, 6), t=0.096
 34 a= 1, dx= 1, dy= 1, pt=(34, 5), t=0.086
       1, 0.086 < 1, 0.096 replace
 34 a= 1, dx= 0, dy= 1, pt=(34, 6), t=0.034
       1, 0.034 < 1, 0.086 replace
 41 a= 7, dx= 7, dy= 0, pt=(41, 6), t=0.010
 48 a= 4, dx= 7, dy= 0, pt=(48, 6), t=0.009
current_group= [1, 7, 4]

154 b= 2, dx=14, dy=27, pt=(34, 33), t=0.003
161 a= 0, dx= 7, dy= 0, pt=(41, 33), t=0.012
161 a= 8, dx= 0, dy= 0, pt=(41, 33), t=0.082
       8, 0.082 < 0, 0.012
168 a= 0, dx= 7, dy= 0, pt=(48, 33), t=0.002
168 a= 8, dx= 0, dy= 0, pt=(48, 33), t=0.079
       8, 0.079 < 0, 0.002
current_group= [2, 0, 0]

274 b= 1, dx=14, dy=26, pt=(34, 59), t=0.082
274 a= 1, dx= 0, dy= 1, pt=(34, 60), t=0.031
       1, 0.031 < 1, 0.082 replace
281 a= 7, dx= 7, dy= 0, pt=(41, 60), t=0.010
288 a= 0, dx= 7, dy= 0, pt=(48, 60), t=0.093
288 a= 9, dx= 0, dy= 0, pt=(48, 60), t=0.007
       9, 0.007 < 0, 0.093 replace
current_group= [1, 7, 9]

394 b= 1, dx=14, dy=27, pt=(34, 87), t=0.041
401 a= 9, dx= 7, dy= 0, pt=(41, 87), t=0.001
408 a= 0, dx= 7, dy= 0, pt=(48, 87), t=0.001
408 a= 8, dx= 0, dy= 0, pt=(48, 87), t=0.077
       8, 0.077 < 0, 0.001
current_group= [1, 9, 0]

513 b= 1, dx=15, dy=27, pt=(33, 114), t=0.100
514 a= 1, dx= 1, dy= 1, pt=(34, 113), t=0.083
       1, 0.083 < 1, 0.100 replace
514 a= 1, dx= 0, dy= 1, pt=(34, 114), t=0.032
       1, 0.032 < 1, 0.083 replace
521 a= 7, dx= 7, dy= 0, pt=(41, 114), t=0.009
528 a= 0, dx= 7, dy= 1, pt=(48, 113), t=0.093
528 a= 0, dx= 0, dy= 1, pt=(48, 114), t=0.001
       0, 0.001 < 0, 0.093 replace
528 a= 0, dx= 0, dy= 1, pt=(48, 115), t=0.093
       0, 0.093 < 0, 0.001
528 a= 8, dx= 0, dy= 1, pt=(48, 114), t=0.069
       8, 0.069 < 0, 0.001
528 a= 9, dx= 0, dy= 0, pt=(48, 114), t=0.094
       9, 0.094 < 0, 0.001
current_group~ [1, 7, 0]
highest_threshold:  0.040679984

[[1, 7, 4], [2, 0, 0], [1, 7, 9], [1, 9, 0], [1, 7, 0]]
[174, 200, 179, 190, 170]
2 0.007 (0, 337) heading[2]
3 0.374 (0, 3) heading[3]
4 0.312 (0, 3) heading[4]
5 0.344 (0, 3) heading[5]

city=2, path=['3\\Screenshot (2376).png']
0.003 (602, 391) anchor
0 0.009 (0, 3) heading[0]
digit_distance
0: [408]
1: [163, 169, 163, 169, 169]
2: [522]
3: [33, 34, 393, 394]
4: []
5: [289, 290, 529, 530]
6: [41, 289, 408, 529]
7: [48, 282, 401]
8: [41, 408]
9: []
digit_coordinates
0: [(48, 87)]
1: [(43, 32), (49, 32), (43, 33), (49, 33), (49, 34)]
2: [(42, 114)]
3: [(33, 6), (34, 6), (33, 87), (34, 87)]
4: []
5: [(49, 60), (50, 60), (49, 114), (50, 114)]
6: [(41, 6), (49, 60), (48, 87), (49, 114)]
7: [(48, 6), (42, 60), (41, 87)]
8: [(41, 6), (48, 87)]
9: []
digit_thresholds
0: [0.072564095]
1: [0.08287356, 0.07278277, 0.030581774, 0.0011856763, 0.07630225]
2: [0.0025129507]
3: [0.06071981, 0.06560788, 0.048608232, 0.059082005]
4: []
5: [0.025350254, 0.09745284, 0.02544469, 0.09884271]
6: [0.0014493951, 0.085964225, 0.080718584, 0.086609714]
7: [0.012904562, 0.031521067, 0.009464647]
8: [0.07039002, 0.009067987]
9: []
digit_sorted_combined
0: (33, 3, (33, 6), 0.06071981)
1: (34, 3, (34, 6), 0.06560788)
2: (41, 6, (41, 6), 0.0014493951)
3: (41, 8, (41, 6), 0.07039002)
4: (48, 7, (48, 6), 0.012904562)
5: (163, 1, (43, 32), 0.08287356)
6: (163, 1, (43, 33), 0.030581774)
7: (169, 1, (49, 32), 0.07278277)
8: (169, 1, (49, 33), 0.0011856763)
9: (169, 1, (49, 34), 0.07630225)
10: (282, 7, (42, 60), 0.031521067)
11: (289, 5, (49, 60), 0.025350254)
12: (289, 6, (49, 60), 0.085964225)
13: (290, 5, (50, 60), 0.09745284)
14: (393, 3, (33, 87), 0.048608232)
15: (394, 3, (34, 87), 0.059082005)
16: (401, 7, (41, 87), 0.009464647)
17: (408, 0, (48, 87), 0.072564095)
18: (408, 6, (48, 87), 0.080718584)
19: (408, 8, (48, 87), 0.009067987)
20: (522, 2, (42, 114), 0.0025129507)
21: (529, 5, (49, 114), 0.02544469)
22: (529, 6, (49, 114), 0.086609714)
23: (530, 5, (50, 114), 0.09884271)

 33 a= 3, dx= 7, dy= 0, pt=(33, 6), t=0.061
 34 a= 3, dx= 1, dy= 0, pt=(34, 6), t=0.066
       3, 0.066 < 3, 0.061
 41 a= 6, dx= 7, dy= 0, pt=(41, 6), t=0.001
 41 a= 8, dx= 0, dy= 0, pt=(41, 6), t=0.070
       8, 0.070 < 6, 0.001
 48 a= 7, dx= 7, dy= 0, pt=(48, 6), t=0.013
current_group= [3, 6, 7]

163 b= 1, dx= 5, dy=26, pt=(43, 32), t=0.083
163 a= 1, dx= 0, dy= 1, pt=(43, 33), t=0.031
       1, 0.031 < 1, 0.083 replace
169 a= 1, dx= 6, dy= 1, pt=(49, 32), t=0.073
169 a= 1, dx= 0, dy= 1, pt=(49, 33), t=0.001
       1, 0.001 < 1, 0.073 replace
169 a= 1, dx= 0, dy= 1, pt=(49, 34), t=0.076
       1, 0.076 < 1, 0.001
current_group= [1, 1]

282 b= 7, dx= 7, dy=26, pt=(42, 60), t=0.032
289 a= 5, dx= 7, dy= 0, pt=(49, 60), t=0.025
289 a= 6, dx= 0, dy= 0, pt=(49, 60), t=0.086
       6, 0.086 < 5, 0.025
290 a= 5, dx= 1, dy= 0, pt=(50, 60), t=0.097
       5, 0.097 < 5, 0.025
current_group= [7, 5]

393 b= 3, dx=17, dy=27, pt=(33, 87), t=0.049
394 a= 3, dx= 1, dy= 0, pt=(34, 87), t=0.059
       3, 0.059 < 3, 0.049
401 a= 7, dx= 7, dy= 0, pt=(41, 87), t=0.009
408 a= 0, dx= 7, dy= 0, pt=(48, 87), t=0.073
408 a= 6, dx= 0, dy= 0, pt=(48, 87), t=0.081
       6, 0.081 < 0, 0.073
408 a= 8, dx= 0, dy= 0, pt=(48, 87), t=0.009
       8, 0.009 < 0, 0.073 replace
current_group= [3, 7, 8]

522 b= 2, dx= 6, dy=27, pt=(42, 114), t=0.003
529 a= 5, dx= 7, dy= 0, pt=(49, 114), t=0.025
529 a= 6, dx= 0, dy= 0, pt=(49, 114), t=0.087
       6, 0.087 < 5, 0.025
530 a= 5, dx= 1, dy= 0, pt=(50, 114), t=0.099
       5, 0.099 < 5, 0.025
current_group~ [2, 5]
highest_threshold:  0.06071981

[[3, 6, 7], [1, 1], [7, 5], [3, 7, 8], [2, 5]]
[367, 11, 75, 378, 25]
digit_distance
0: [161, 288, 401]
1: [394, 393, 394]
2: [274, 521]
3: [513, 514]
4: [154, 528]
5: [42, 161, 168, 169, 408, 409]
6: [42, 161, 168, 401, 408]
7: [281]
8: [42, 161, 288, 401]
9: [49]
digit_coordinates
0: [(41, 33), (48, 60), (41, 87)]
1: [(34, 86), (33, 87), (34, 87)]
2: [(34, 60), (41, 114)]
3: [(33, 114), (34, 114)]
4: [(34, 33), (48, 114)]
5: [(42, 6), (41, 33), (48, 33), (49, 33), (48, 87), (49, 87)]
6: [(42, 6), (41, 33), (48, 33), (41, 87), (48, 87)]
7: [(41, 60)]
8: [(42, 6), (41, 33), (48, 60), (41, 87)]
9: [(49, 6)]
digit_thresholds
0: [0.09116512, 0.0021430918, 0.071100466]
1: [0.08408733, 0.09594666, 0.033893313]
2: [0.0024395532, 0.031877562]
3: [0.057525817, 0.06433398]
4: [0.03240061, 0.007908207]
5: [0.07224829, 0.096354015, 0.047051232, 0.04810631, 0.047375504, 0.0495724]
6: [0.028656986, 0.005734131, 0.08407759, 0.07846308, 0.08485871]
7: [0.0011435169]
8: [0.08365637, 0.05993244, 0.079185285, 0.0011675102]
9: [0.0010416821]
digit_sorted_combined
0: (42, 5, (42, 6), 0.07224829)
1: (42, 6, (42, 6), 0.028656986)
2: (42, 8, (42, 6), 0.08365637)
3: (49, 9, (49, 6), 0.0010416821)
4: (154, 4, (34, 33), 0.03240061)
5: (161, 0, (41, 33), 0.09116512)
6: (161, 5, (41, 33), 0.096354015)
7: (161, 6, (41, 33), 0.005734131)
8: (161, 8, (41, 33), 0.05993244)
9: (168, 5, (48, 33), 0.047051232)
10: (168, 6, (48, 33), 0.08407759)
11: (169, 5, (49, 33), 0.04810631)
12: (274, 2, (34, 60), 0.0024395532)
13: (281, 7, (41, 60), 0.0011435169)
14: (288, 0, (48, 60), 0.0021430918)
15: (288, 8, (48, 60), 0.079185285)
16: (393, 1, (33, 87), 0.09594666)
17: (394, 1, (34, 86), 0.08408733)
18: (394, 1, (34, 87), 0.033893313)
19: (401, 0, (41, 87), 0.071100466)
20: (401, 6, (41, 87), 0.07846308)
21: (401, 8, (41, 87), 0.0011675102)
22: (408, 5, (48, 87), 0.047375504)
23: (408, 6, (48, 87), 0.08485871)
24: (409, 5, (49, 87), 0.0495724)
25: (513, 3, (33, 114), 0.057525817)
26: (514, 3, (34, 114), 0.06433398)
27: (521, 2, (41, 114), 0.031877562)
28: (528, 4, (48, 114), 0.007908207)

 42 a= 5, dx= 7, dy= 0, pt=(42, 6), t=0.072
 42 a= 6, dx= 0, dy= 0, pt=(42, 6), t=0.029
       6, 0.029 < 5, 0.072 replace
 42 a= 8, dx= 0, dy= 0, pt=(42, 6), t=0.084
       8, 0.084 < 6, 0.029
 49 a= 9, dx= 7, dy= 0, pt=(49, 6), t=0.001
current_group= [6, 9]

154 b= 4, dx=15, dy=27, pt=(34, 33), t=0.032
161 a= 0, dx= 7, dy= 0, pt=(41, 33), t=0.091
161 a= 5, dx= 0, dy= 0, pt=(41, 33), t=0.096
       5, 0.096 < 0, 0.091
161 a= 6, dx= 0, dy= 0, pt=(41, 33), t=0.006
       6, 0.006 < 0, 0.091 replace
161 a= 8, dx= 0, dy= 0, pt=(41, 33), t=0.060
       8, 0.060 < 6, 0.006
168 a= 5, dx= 7, dy= 0, pt=(48, 33), t=0.047
168 a= 6, dx= 0, dy= 0, pt=(48, 33), t=0.084
       6, 0.084 < 5, 0.047
169 a= 5, dx= 1, dy= 0, pt=(49, 33), t=0.048
       5, 0.048 < 5, 0.047
current_group= [4, 6, 5]

274 b= 2, dx=15, dy=27, pt=(34, 60), t=0.002
281 a= 7, dx= 7, dy= 0, pt=(41, 60), t=0.001
288 a= 0, dx= 7, dy= 0, pt=(48, 60), t=0.002
288 a= 8, dx= 0, dy= 0, pt=(48, 60), t=0.079
       8, 0.079 < 0, 0.002
current_group= [2, 7, 0]

393 b= 1, dx=15, dy=27, pt=(33, 87), t=0.096
394 a= 1, dx= 1, dy= 1, pt=(34, 86), t=0.084
       1, 0.084 < 1, 0.096 replace
394 a= 1, dx= 0, dy= 1, pt=(34, 87), t=0.034
       1, 0.034 < 1, 0.084 replace
401 a= 0, dx= 7, dy= 0, pt=(41, 87), t=0.071
401 a= 6, dx= 0, dy= 0, pt=(41, 87), t=0.078
       6, 0.078 < 0, 0.071
401 a= 8, dx= 0, dy= 0, pt=(41, 87), t=0.001
       8, 0.001 < 0, 0.071 replace
408 a= 5, dx= 7, dy= 0, pt=(48, 87), t=0.047
408 a= 6, dx= 0, dy= 0, pt=(48, 87), t=0.085
       6, 0.085 < 5, 0.047
409 a= 5, dx= 1, dy= 0, pt=(49, 87), t=0.050
       5, 0.050 < 5, 0.047
current_group= [1, 8, 5]

513 b= 3, dx=16, dy=27, pt=(33, 114), t=0.058
514 a= 3, dx= 1, dy= 0, pt=(34, 114), t=0.064
       3, 0.064 < 3, 0.058
521 a= 2, dx= 7, dy= 0, pt=(41, 114), t=0.032
528 a= 4, dx= 7, dy= 0, pt=(48, 114), t=0.008
current_group~ [3, 2, 4]
highest_threshold:  0.057525817

[[6, 9], [4, 6, 5], [2, 7, 0], [1, 8, 5], [3, 2, 4]]
[69, 465, 270, 185, 324]
1 0.006 (0, 170) heading[1]
digit_distance
0: [33, 48, 161, 288, 401, 528]
1: [23, 22, 23, 263, 263, 503, 503]
2: [281]
3: []
4: [273, 274, 513, 514]
5: [154, 288, 408, 409, 521]
6: [48, 161, 288, 408, 521, 528]
7: [41, 394]
8: [33, 48, 161, 288, 401, 521, 528]
9: [168]
digit_coordinates
0: [(33, 6), (48, 6), (41, 33), (48, 60), (41, 87), (48, 114)]
1: [(23, 5), (22, 6), (23, 6), (23, 59), (23, 60), (23, 113), (23, 114)]
2: [(41, 60)]
3: []
4: [(33, 60), (34, 60), (33, 114), (34, 114)]
5: [(34, 33), (48, 60), (48, 87), (49, 87), (41, 114)]
6: [(48, 6), (41, 33), (48, 60), (48, 87), (41, 114), (48, 114)]
7: [(41, 6), (34, 87)]
8: [(33, 6), (48, 6), (41, 33), (48, 60), (41, 87), (41, 114), (48, 114)]
9: [(48, 33)]
digit_thresholds
0: [0.031949375, 0.07177182, 0.076308034, 0.087722875, 0.010855836, 0.07054093]
1: [0.085200556, 0.09991986, 0.033059504, 0.084845126, 0.031725332, 0.08357525, 0.03060695]
2: [0.0115027735]
3: []
4: [0.058685727, 0.057163008, 0.059891358, 0.05696884]
5: [0.0029901748, 0.09624501, 0.0542431, 0.060326163, 0.069609925]
6: [0.078039154, 0.07624931, 0.006960882, 0.09822775, 0.027909996, 0.077546895]
7: [0.037526604, 0.03232174]
8: [0.09217435, 0.0011382988, 0.0007249812, 0.057368986, 0.08076388, 0.07049073, 0.00095371046]
9: [0.007884355]
digit_sorted_combined
0: (22, 1, (22, 6), 0.09991986)
1: (23, 1, (23, 5), 0.085200556)
2: (23, 1, (23, 6), 0.033059504)
3: (33, 0, (33, 6), 0.031949375)
4: (33, 8, (33, 6), 0.09217435)
5: (41, 7, (41, 6), 0.037526604)
6: (48, 0, (48, 6), 0.07177182)
7: (48, 6, (48, 6), 0.078039154)
8: (48, 8, (48, 6), 0.0011382988)
9: (154, 5, (34, 33), 0.0029901748)
10: (161, 0, (41, 33), 0.076308034)
11: (161, 6, (41, 33), 0.07624931)
12: (161, 8, (41, 33), 0.0007249812)
13: (168, 9, (48, 33), 0.007884355)
14: (263, 1, (23, 59), 0.084845126)
15: (263, 1, (23, 60), 0.031725332)
16: (273, 4, (33, 60), 0.058685727)
17: (274, 4, (34, 60), 0.057163008)
18: (281, 2, (41, 60), 0.0115027735)
19: (288, 0, (48, 60), 0.087722875)
20: (288, 5, (48, 60), 0.09624501)
21: (288, 6, (48, 60), 0.006960882)
22: (288, 8, (48, 60), 0.057368986)
23: (394, 7, (34, 87), 0.03232174)
24: (401, 0, (41, 87), 0.010855836)
25: (401, 8, (41, 87), 0.08076388)
26: (408, 5, (48, 87), 0.0542431)
27: (408, 6, (48, 87), 0.09822775)
28: (409, 5, (49, 87), 0.060326163)
29: (503, 1, (23, 113), 0.08357525)
30: (503, 1, (23, 114), 0.03060695)
31: (513, 4, (33, 114), 0.059891358)
32: (514, 4, (34, 114), 0.05696884)
33: (521, 5, (41, 114), 0.069609925)
34: (521, 6, (41, 114), 0.027909996)
35: (521, 8, (41, 114), 0.07049073)
36: (528, 0, (48, 114), 0.07054093)
37: (528, 6, (48, 114), 0.077546895)
38: (528, 8, (48, 114), 0.00095371046)

 22 a= 1, dx= 7, dy= 0, pt=(22, 6), t=0.100
 23 a= 1, dx= 1, dy= 1, pt=(23, 5), t=0.085
       1, 0.085 < 1, 0.100 replace
 23 a= 1, dx= 0, dy= 1, pt=(23, 6), t=0.033
       1, 0.033 < 1, 0.085 replace
 33 a= 0, dx=10, dy= 0, pt=(33, 6), t=0.032
 33 a= 8, dx= 0, dy= 0, pt=(33, 6), t=0.092
       8, 0.092 < 0, 0.032
 41 a= 7, dx= 8, dy= 0, pt=(41, 6), t=0.038
 48 a= 0, dx= 7, dy= 0, pt=(48, 6), t=0.072
 48 a= 6, dx= 0, dy= 0, pt=(48, 6), t=0.078
       6, 0.078 < 0, 0.072
 48 a= 8, dx= 0, dy= 0, pt=(48, 6), t=0.001
       8, 0.001 < 0, 0.072 replace
current_group= [1, 0, 7, 8]

154 b= 5, dx=14, dy=27, pt=(34, 33), t=0.003
161 a= 0, dx= 7, dy= 0, pt=(41, 33), t=0.076
161 a= 6, dx= 0, dy= 0, pt=(41, 33), t=0.076
       6, 0.076 < 0, 0.076 replace
161 a= 8, dx= 0, dy= 0, pt=(41, 33), t=0.001
       8, 0.001 < 6, 0.076 replace
168 a= 9, dx= 7, dy= 0, pt=(48, 33), t=0.008
current_group= [5, 8, 9]

263 b= 1, dx=25, dy=26, pt=(23, 59), t=0.085
263 a= 1, dx= 0, dy= 1, pt=(23, 60), t=0.032
       1, 0.032 < 1, 0.085 replace
273 a= 4, dx=10, dy= 0, pt=(33, 60), t=0.059
274 a= 4, dx= 1, dy= 0, pt=(34, 60), t=0.057
       4, 0.057 < 4, 0.059 replace
281 a= 2, dx= 7, dy= 0, pt=(41, 60), t=0.012
288 a= 0, dx= 7, dy= 0, pt=(48, 60), t=0.088
288 a= 5, dx= 0, dy= 0, pt=(48, 60), t=0.096
       5, 0.096 < 0, 0.088
288 a= 6, dx= 0, dy= 0, pt=(48, 60), t=0.007
       6, 0.007 < 0, 0.088 replace
288 a= 8, dx= 0, dy= 0, pt=(48, 60), t=0.057
       8, 0.057 < 6, 0.007
current_group= [1, 4, 2, 6]

394 b= 7, dx=14, dy=27, pt=(34, 87), t=0.032
401 a= 0, dx= 7, dy= 0, pt=(41, 87), t=0.011
401 a= 8, dx= 0, dy= 0, pt=(41, 87), t=0.081
       8, 0.081 < 0, 0.011
408 a= 5, dx= 7, dy= 0, pt=(48, 87), t=0.054
408 a= 6, dx= 0, dy= 0, pt=(48, 87), t=0.098
       6, 0.098 < 5, 0.054
409 a= 5, dx= 1, dy= 0, pt=(49, 87), t=0.060
       5, 0.060 < 5, 0.054
current_group= [7, 0, 5]

503 b= 1, dx=26, dy=26, pt=(23, 113), t=0.084
503 a= 1, dx= 0, dy= 1, pt=(23, 114), t=0.031
       1, 0.031 < 1, 0.084 replace
513 a= 4, dx=10, dy= 0, pt=(33, 114), t=0.060
514 a= 4, dx= 1, dy= 0, pt=(34, 114), t=0.057
       4, 0.057 < 4, 0.060 replace
521 a= 5, dx= 7, dy= 0, pt=(41, 114), t=0.070
521 a= 6, dx= 0, dy= 0, pt=(41, 114), t=0.028
       6, 0.028 < 5, 0.070 replace
521 a= 8, dx= 0, dy= 0, pt=(41, 114), t=0.070
       8, 0.070 < 6, 0.028
528 a= 0, dx= 7, dy= 0, pt=(48, 114), t=0.071
528 a= 6, dx= 0, dy= 0, pt=(48, 114), t=0.078
       6, 0.078 < 0, 0.071
528 a= 8, dx= 0, dy= 0, pt=(48, 114), t=0.001
       8, 0.001 < 0, 0.071 replace
current_group~ [1, 4, 6, 8]
highest_threshold:  0.057163008

[[1, 0, 7, 8], [5, 8, 9], [1, 4, 2, 6], [7, 0, 5], [1, 4, 6, 8]]
[1078, 589, 1426, 705, 1468]
digit_distance
0: [289, 529, 529, 529]
1: []
2: []
3: []
4: [49, 282, 402, 522]
5: [42, 162, 169, 170, 409]
6: [42, 169, 409]
7: []
8: [529]
9: [289, 529]
digit_coordinates
0: [(49, 60), (49, 113), (49, 114), (49, 115)]
1: []
2: []
3: []
4: [(49, 6), (42, 60), (42, 87), (42, 114)]
5: [(42, 6), (42, 33), (49, 33), (50, 33), (49, 87)]
6: [(42, 6), (49, 33), (49, 87)]
7: []
8: [(49, 114)]
9: [(49, 60), (49, 114)]
digit_thresholds
0: [0.09072197, 0.09942865, 0.009618121, 0.09989968]
1: []
2: []
3: []
4: [0.000988265, 0.031281658, 0.038596038, 0.031341888]
5: [0.0010757421, 0.0022851378, 0.027119182, 0.09628943, 0.025472257]
6: [0.098411344, 0.08721087, 0.08850847]
7: []
8: [0.07269667]
9: [0.0014087022, 0.09730895]
digit_sorted_combined
0: (42, 5, (42, 6), 0.0010757421)
1: (42, 6, (42, 6), 0.098411344)
2: (49, 4, (49, 6), 0.000988265)
3: (162, 5, (42, 33), 0.0022851378)
4: (169, 5, (49, 33), 0.027119182)
5: (169, 6, (49, 33), 0.08721087)
6: (170, 5, (50, 33), 0.09628943)
7: (282, 4, (42, 60), 0.031281658)
8: (289, 0, (49, 60), 0.09072197)
9: (289, 9, (49, 60), 0.0014087022)
10: (402, 4, (42, 87), 0.038596038)
11: (409, 5, (49, 87), 0.025472257)
12: (409, 6, (49, 87), 0.08850847)
13: (522, 4, (42, 114), 0.031341888)
14: (529, 0, (49, 113), 0.09942865)
15: (529, 0, (49, 114), 0.009618121)
16: (529, 0, (49, 115), 0.09989968)
17: (529, 8, (49, 114), 0.07269667)
18: (529, 9, (49, 114), 0.09730895)

 42 a= 5, dx= 7, dy= 0, pt=(42, 6), t=0.001
 42 a= 6, dx= 0, dy= 0, pt=(42, 6), t=0.098
       6, 0.098 < 5, 0.001
 49 a= 4, dx= 7, dy= 0, pt=(49, 6), t=0.001
current_group= [5, 4]

162 b= 5, dx= 7, dy=27, pt=(42, 33), t=0.002
169 a= 5, dx= 7, dy= 0, pt=(49, 33), t=0.027
169 a= 6, dx= 0, dy= 0, pt=(49, 33), t=0.087
       6, 0.087 < 5, 0.027
170 a= 5, dx= 1, dy= 0, pt=(50, 33), t=0.096
       5, 0.096 < 5, 0.027
current_group= [5, 5]

282 b= 4, dx= 8, dy=27, pt=(42, 60), t=0.031
289 a= 0, dx= 7, dy= 0, pt=(49, 60), t=0.091
289 a= 9, dx= 0, dy= 0, pt=(49, 60), t=0.001
       9, 0.001 < 0, 0.091 replace
current_group= [4, 9]

402 b= 4, dx= 7, dy=27, pt=(42, 87), t=0.039
409 a= 5, dx= 7, dy= 0, pt=(49, 87), t=0.025
409 a= 6, dx= 0, dy= 0, pt=(49, 87), t=0.089
       6, 0.089 < 5, 0.025
current_group= [4, 5]

522 b= 4, dx= 7, dy=27, pt=(42, 114), t=0.031
529 a= 0, dx= 7, dy= 1, pt=(49, 113), t=0.099
529 a= 0, dx= 0, dy= 1, pt=(49, 114), t=0.010
       0, 0.010 < 0, 0.099 replace
529 a= 0, dx= 0, dy= 1, pt=(49, 115), t=0.100
       0, 0.100 < 0, 0.010
529 a= 8, dx= 0, dy= 1, pt=(49, 114), t=0.073
       8, 0.073 < 0, 0.010
529 a= 9, dx= 0, dy= 0, pt=(49, 114), t=0.097
       9, 0.097 < 0, 0.010
current_group~ [4, 0]
highest_threshold:  0.038596038

[[5, 4], [5, 5], [4, 9], [4, 5], [4, 0]]
[54, 55, 49, 45, 40]
2 0.007 (0, 337) heading[2]
3 0.374 (0, 3) heading[3]
4 0.312 (0, 3) heading[4]
5 0.344 (0, 3) heading[5]

city=3, path=[]
0:[458, 71, 532, 50, 76, 461, 304, 46, 123, 58, 1483, 1197, 1538, 1201, 1846, 49, 35, 19, 54, 104]
1:[330, 38, 37, 273, 49, 160, 263, 233, 286, 50, 570, 788, 1189, 621, 1097, 174, 200, 179, 190, 170]
2:[367, 11, 75, 378, 25, 69, 465, 270, 185, 324, 1078, 589, 1426, 705, 1468, 54, 55, 49, 45, 40]
3:[]

(base) D:\Downloads\Forge of Empires\chat_ocr>
(base) D:\Downloads\Forge of Empires\chat_ocr>